2019-12-25 17:53:42.205 [main] INFO  com.springbootjpa.codeGod.CodeGodApplication:50 - Starting CodeGodApplication on niugehangdeMacBook-Pro.local with PID 4840 (/Users/ushi/Desktop/NiuWorkSpaces/codeGod/target/classes started by ushi in /Users/ushi/Desktop/NiuWorkSpaces/codeGod)
2019-12-25 17:53:42.210 [main] DEBUG com.springbootjpa.codeGod.CodeGodApplication:53 - Running with Spring Boot v2.1.7.RELEASE, Spring v5.1.9.RELEASE
2019-12-25 17:53:42.210 [main] INFO  com.springbootjpa.codeGod.CodeGodApplication:651 - The following profiles are active: dev
2019-12-25 17:53:44.480 [main] INFO  org.springframework.data.repository.config.RepositoryConfigurationDelegate:244 - Multiple Spring Data modules found, entering strict repository configuration mode!
2019-12-25 17:53:44.481 [main] INFO  org.springframework.data.repository.config.RepositoryConfigurationDelegate:126 - Bootstrapping Spring Data repositories in DEFAULT mode.
2019-12-25 17:53:44.895 [main] INFO  org.springframework.data.repository.config.RepositoryConfigurationDelegate:182 - Finished Spring Data repository scanning in 393ms. Found 51 repository interfaces.
2019-12-25 17:53:44.930 [main] INFO  org.springframework.data.repository.config.RepositoryConfigurationDelegate:244 - Multiple Spring Data modules found, entering strict repository configuration mode!
2019-12-25 17:53:44.932 [main] INFO  org.springframework.data.repository.config.RepositoryConfigurationDelegate:126 - Bootstrapping Spring Data repositories in DEFAULT mode.
2019-12-25 17:53:45.013 [main] INFO  org.springframework.data.repository.config.RepositoryConfigurationExtensionSupport:363 - Spring Data Redis - Could not safely identify store assignment for repository candidate interface com.springbootjpa.codeGod.repository.BaseDataDictionaryentityRepository.
2019-12-25 17:53:45.014 [main] INFO  org.springframework.data.repository.config.RepositoryConfigurationExtensionSupport:363 - Spring Data Redis - Could not safely identify store assignment for repository candidate interface com.springbootjpa.codeGod.repository.HumanResources.MemberCaseentityRepository.
2019-12-25 17:53:45.014 [main] INFO  org.springframework.data.repository.config.RepositoryConfigurationExtensionSupport:363 - Spring Data Redis - Could not safely identify store assignment for repository candidate interface com.springbootjpa.codeGod.repository.HumanResources.MemberContractEntityRepository.
2019-12-25 17:53:45.015 [main] INFO  org.springframework.data.repository.config.RepositoryConfigurationExtensionSupport:363 - Spring Data Redis - Could not safely identify store assignment for repository candidate interface com.springbootjpa.codeGod.repository.HumanResources.MemberEmployPersonnelentityRepository.
2019-12-25 17:53:45.015 [main] INFO  org.springframework.data.repository.config.RepositoryConfigurationExtensionSupport:363 - Spring Data Redis - Could not safely identify store assignment for repository candidate interface com.springbootjpa.codeGod.repository.HumanResources.MemberEmployentityRepository.
2019-12-25 17:53:45.016 [main] INFO  org.springframework.data.repository.config.RepositoryConfigurationExtensionSupport:363 - Spring Data Redis - Could not safely identify store assignment for repository candidate interface com.springbootjpa.codeGod.repository.HumanResources.MemberPrivacyentityRepository.
2019-12-25 17:53:45.016 [main] INFO  org.springframework.data.repository.config.RepositoryConfigurationExtensionSupport:363 - Spring Data Redis - Could not safely identify store assignment for repository candidate interface com.springbootjpa.codeGod.repository.HumanResources.MemberResourceSkillentityRepository.
2019-12-25 17:53:45.016 [main] INFO  org.springframework.data.repository.config.RepositoryConfigurationExtensionSupport:363 - Spring Data Redis - Could not safely identify store assignment for repository candidate interface com.springbootjpa.codeGod.repository.HumanResources.MemberResourceentityRepository.
2019-12-25 17:53:45.017 [main] INFO  org.springframework.data.repository.config.RepositoryConfigurationExtensionSupport:363 - Spring Data Redis - Could not safely identify store assignment for repository candidate interface com.springbootjpa.codeGod.repository.HumanResources.MemberSettlemententityRepository.
2019-12-25 17:53:45.017 [main] INFO  org.springframework.data.repository.config.RepositoryConfigurationExtensionSupport:363 - Spring Data Redis - Could not safely identify store assignment for repository candidate interface com.springbootjpa.codeGod.repository.HumanResources.MemberSignContractentityRepository.
2019-12-25 17:53:45.018 [main] INFO  org.springframework.data.repository.config.RepositoryConfigurationExtensionSupport:363 - Spring Data Redis - Could not safely identify store assignment for repository candidate interface com.springbootjpa.codeGod.repository.HumanResources.MemberWageentityRepository.
2019-12-25 17:53:45.018 [main] INFO  org.springframework.data.repository.config.RepositoryConfigurationExtensionSupport:363 - Spring Data Redis - Could not safely identify store assignment for repository candidate interface com.springbootjpa.codeGod.repository.HumanResources.MemberentityRepository.
2019-12-25 17:53:45.019 [main] INFO  org.springframework.data.repository.config.RepositoryConfigurationExtensionSupport:363 - Spring Data Redis - Could not safely identify store assignment for repository candidate interface com.springbootjpa.codeGod.repository.Operation.OperationAgreementRepository.
2019-12-25 17:53:45.019 [main] INFO  org.springframework.data.repository.config.RepositoryConfigurationExtensionSupport:363 - Spring Data Redis - Could not safely identify store assignment for repository candidate interface com.springbootjpa.codeGod.repository.Operation.OperationCaseRepository.
2019-12-25 17:53:45.019 [main] INFO  org.springframework.data.repository.config.RepositoryConfigurationExtensionSupport:363 - Spring Data Redis - Could not safely identify store assignment for repository candidate interface com.springbootjpa.codeGod.repository.Operation.OperationCodeGodDataRepository.
2019-12-25 17:53:45.021 [main] INFO  org.springframework.data.repository.config.RepositoryConfigurationExtensionSupport:363 - Spring Data Redis - Could not safely identify store assignment for repository candidate interface com.springbootjpa.codeGod.repository.Operation.OperationCommentRepository.
2019-12-25 17:53:45.021 [main] INFO  org.springframework.data.repository.config.RepositoryConfigurationExtensionSupport:363 - Spring Data Redis - Could not safely identify store assignment for repository candidate interface com.springbootjpa.codeGod.repository.Operation.OperationCompanyRepository.
2019-12-25 17:53:45.022 [main] INFO  org.springframework.data.repository.config.RepositoryConfigurationExtensionSupport:363 - Spring Data Redis - Could not safely identify store assignment for repository candidate interface com.springbootjpa.codeGod.repository.Operation.OperationMedalRepository.
2019-12-25 17:53:45.022 [main] INFO  org.springframework.data.repository.config.RepositoryConfigurationExtensionSupport:363 - Spring Data Redis - Could not safely identify store assignment for repository candidate interface com.springbootjpa.codeGod.repository.Operation.OperationNewsRepository.
2019-12-25 17:53:45.022 [main] INFO  org.springframework.data.repository.config.RepositoryConfigurationExtensionSupport:363 - Spring Data Redis - Could not safely identify store assignment for repository candidate interface com.springbootjpa.codeGod.repository.Operation.OperationPersonalMenuRepository.
2019-12-25 17:53:45.023 [main] INFO  org.springframework.data.repository.config.RepositoryConfigurationExtensionSupport:363 - Spring Data Redis - Could not safely identify store assignment for repository candidate interface com.springbootjpa.codeGod.repository.Operation.OperationRegionRepository.
2019-12-25 17:53:45.023 [main] INFO  org.springframework.data.repository.config.RepositoryConfigurationExtensionSupport:363 - Spring Data Redis - Could not safely identify store assignment for repository candidate interface com.springbootjpa.codeGod.repository.Operation.OperationResourceRepository.
2019-12-25 17:53:45.024 [main] INFO  org.springframework.data.repository.config.RepositoryConfigurationExtensionSupport:363 - Spring Data Redis - Could not safely identify store assignment for repository candidate interface com.springbootjpa.codeGod.repository.Operation.OperationResourceSkillRepository.
2019-12-25 17:53:45.024 [main] INFO  org.springframework.data.repository.config.RepositoryConfigurationExtensionSupport:363 - Spring Data Redis - Could not safely identify store assignment for repository candidate interface com.springbootjpa.codeGod.repository.Operation.OperationSkillRepository.
2019-12-25 17:53:45.024 [main] INFO  org.springframework.data.repository.config.RepositoryConfigurationExtensionSupport:363 - Spring Data Redis - Could not safely identify store assignment for repository candidate interface com.springbootjpa.codeGod.repository.Operation.OperationSubtopicRepository.
2019-12-25 17:53:45.025 [main] INFO  org.springframework.data.repository.config.RepositoryConfigurationExtensionSupport:363 - Spring Data Redis - Could not safely identify store assignment for repository candidate interface com.springbootjpa.codeGod.repository.Operation.OperationTeamRepository.
2019-12-25 17:53:45.025 [main] INFO  org.springframework.data.repository.config.RepositoryConfigurationExtensionSupport:363 - Spring Data Redis - Could not safely identify store assignment for repository candidate interface com.springbootjpa.codeGod.repository.Operation.OperationTopicRepository.
2019-12-25 17:53:45.026 [main] INFO  org.springframework.data.repository.config.RepositoryConfigurationExtensionSupport:363 - Spring Data Redis - Could not safely identify store assignment for repository candidate interface com.springbootjpa.codeGod.repository.SysPermissionsRepository.
2019-12-25 17:53:45.026 [main] INFO  org.springframework.data.repository.config.RepositoryConfigurationExtensionSupport:363 - Spring Data Redis - Could not safely identify store assignment for repository candidate interface com.springbootjpa.codeGod.repository.SysRolesRepository.
2019-12-25 17:53:45.026 [main] INFO  org.springframework.data.repository.config.RepositoryConfigurationExtensionSupport:363 - Spring Data Redis - Could not safely identify store assignment for repository candidate interface com.springbootjpa.codeGod.repository.SysRolesRermissionsRepository.
2019-12-25 17:53:45.027 [main] INFO  org.springframework.data.repository.config.RepositoryConfigurationExtensionSupport:363 - Spring Data Redis - Could not safely identify store assignment for repository candidate interface com.springbootjpa.codeGod.repository.SysUsersRepository.
2019-12-25 17:53:45.027 [main] INFO  org.springframework.data.repository.config.RepositoryConfigurationExtensionSupport:363 - Spring Data Redis - Could not safely identify store assignment for repository candidate interface com.springbootjpa.codeGod.repository.SysUsersRolesRepository.
2019-12-25 17:53:45.028 [main] INFO  org.springframework.data.repository.config.RepositoryConfigurationExtensionSupport:363 - Spring Data Redis - Could not safely identify store assignment for repository candidate interface com.springbootjpa.codeGod.repository.UploadFileRepository.
2019-12-25 17:53:45.028 [main] INFO  org.springframework.data.repository.config.RepositoryConfigurationExtensionSupport:363 - Spring Data Redis - Could not safely identify store assignment for repository candidate interface com.springbootjpa.codeGod.repository.finance.FinanceCommissionRepository.
2019-12-25 17:53:45.029 [main] INFO  org.springframework.data.repository.config.RepositoryConfigurationExtensionSupport:363 - Spring Data Redis - Could not safely identify store assignment for repository candidate interface com.springbootjpa.codeGod.repository.finance.FinanceOutsourcingPaymentRepository.
2019-12-25 17:53:45.029 [main] INFO  org.springframework.data.repository.config.RepositoryConfigurationExtensionSupport:363 - Spring Data Redis - Could not safely identify store assignment for repository candidate interface com.springbootjpa.codeGod.repository.finance.FinanceOutsourcingReceiptRepository.
2019-12-25 17:53:45.029 [main] INFO  org.springframework.data.repository.config.RepositoryConfigurationExtensionSupport:363 - Spring Data Redis - Could not safely identify store assignment for repository candidate interface com.springbootjpa.codeGod.repository.finance.FinanceProjectPaymentRepository.
2019-12-25 17:53:45.030 [main] INFO  org.springframework.data.repository.config.RepositoryConfigurationExtensionSupport:363 - Spring Data Redis - Could not safely identify store assignment for repository candidate interface com.springbootjpa.codeGod.repository.finance.FinanceProjectReceiptRepository.
2019-12-25 17:53:45.030 [main] INFO  org.springframework.data.repository.config.RepositoryConfigurationExtensionSupport:363 - Spring Data Redis - Could not safely identify store assignment for repository candidate interface com.springbootjpa.codeGod.repository.projectmanager.PmApplicationentityRepository.
2019-12-25 17:53:45.030 [main] INFO  org.springframework.data.repository.config.RepositoryConfigurationExtensionSupport:363 - Spring Data Redis - Could not safely identify store assignment for repository candidate interface com.springbootjpa.codeGod.repository.projectmanager.PmContractentityRepository.
2019-12-25 17:53:45.031 [main] INFO  org.springframework.data.repository.config.RepositoryConfigurationExtensionSupport:363 - Spring Data Redis - Could not safely identify store assignment for repository candidate interface com.springbootjpa.codeGod.repository.projectmanager.PmDemandentityRepository.
2019-12-25 17:53:45.031 [main] INFO  org.springframework.data.repository.config.RepositoryConfigurationExtensionSupport:363 - Spring Data Redis - Could not safely identify store assignment for repository candidate interface com.springbootjpa.codeGod.repository.projectmanager.PmEvaluateentityRepository.
2019-12-25 17:53:45.032 [main] INFO  org.springframework.data.repository.config.RepositoryConfigurationExtensionSupport:363 - Spring Data Redis - Could not safely identify store assignment for repository candidate interface com.springbootjpa.codeGod.repository.projectmanager.PmIterationentityRepository.
2019-12-25 17:53:45.032 [main] INFO  org.springframework.data.repository.config.RepositoryConfigurationExtensionSupport:363 - Spring Data Redis - Could not safely identify store assignment for repository candidate interface com.springbootjpa.codeGod.repository.projectmanager.PmModulesentityRepository.
2019-12-25 17:53:45.033 [main] INFO  org.springframework.data.repository.config.RepositoryConfigurationExtensionSupport:363 - Spring Data Redis - Could not safely identify store assignment for repository candidate interface com.springbootjpa.codeGod.repository.projectmanager.PmProjectentityRepository.
2019-12-25 17:53:45.033 [main] INFO  org.springframework.data.repository.config.RepositoryConfigurationExtensionSupport:363 - Spring Data Redis - Could not safely identify store assignment for repository candidate interface com.springbootjpa.codeGod.repository.projectmanager.PmRatingentityRepository.
2019-12-25 17:53:45.033 [main] INFO  org.springframework.data.repository.config.RepositoryConfigurationExtensionSupport:363 - Spring Data Redis - Could not safely identify store assignment for repository candidate interface com.springbootjpa.codeGod.repository.projectmanager.PmRecruitmententityRepository.
2019-12-25 17:53:45.034 [main] INFO  org.springframework.data.repository.config.RepositoryConfigurationExtensionSupport:363 - Spring Data Redis - Could not safely identify store assignment for repository candidate interface com.springbootjpa.codeGod.repository.projectmanager.PmRepairOrderentityRepository.
2019-12-25 17:53:45.034 [main] INFO  org.springframework.data.repository.config.RepositoryConfigurationExtensionSupport:363 - Spring Data Redis - Could not safely identify store assignment for repository candidate interface com.springbootjpa.codeGod.repository.projectmanager.PmSalaryentityRepository.
2019-12-25 17:53:45.035 [main] INFO  org.springframework.data.repository.config.RepositoryConfigurationExtensionSupport:363 - Spring Data Redis - Could not safely identify store assignment for repository candidate interface com.springbootjpa.codeGod.repository.projectmanager.PmSettleAccountsentityRepository.
2019-12-25 17:53:45.035 [main] INFO  org.springframework.data.repository.config.RepositoryConfigurationExtensionSupport:363 - Spring Data Redis - Could not safely identify store assignment for repository candidate interface com.springbootjpa.codeGod.repository.projectmanager.PmTeamentityRepository.
2019-12-25 17:53:45.035 [main] INFO  org.springframework.data.repository.config.RepositoryConfigurationDelegate:182 - Finished Spring Data repository scanning in 80ms. Found 0 repository interfaces.
2019-12-25 17:53:45.898 [main] INFO  org.springframework.context.support.PostProcessorRegistrationDelegate$BeanPostProcessorChecker:330 - Bean 'shiroConfiguration' of type [com.springbootjpa.codeGod.shiro.ShiroConfiguration$$EnhancerBySpringCGLIB$$6766c4f5] is not eligible for getting processed by all BeanPostProcessors (for example: not eligible for auto-proxying)
2019-12-25 17:53:46.038 [main] INFO  org.springframework.context.support.PostProcessorRegistrationDelegate$BeanPostProcessorChecker:330 - Bean 'sessionManager' of type [org.apache.shiro.web.session.mgt.DefaultWebSessionManager] is not eligible for getting processed by all BeanPostProcessors (for example: not eligible for auto-proxying)
2019-12-25 17:53:46.061 [main] INFO  org.springframework.context.support.PostProcessorRegistrationDelegate$BeanPostProcessorChecker:330 - Bean 'redisConfig' of type [com.springbootjpa.codeGod.config.RedisConfig$$EnhancerBySpringCGLIB$$83528064] is not eligible for getting processed by all BeanPostProcessors (for example: not eligible for auto-proxying)
2019-12-25 17:53:46.097 [main] INFO  org.springframework.context.support.PostProcessorRegistrationDelegate$BeanPostProcessorChecker:330 - Bean 'spring.redis-org.springframework.boot.autoconfigure.data.redis.RedisProperties' of type [org.springframework.boot.autoconfigure.data.redis.RedisProperties] is not eligible for getting processed by all BeanPostProcessors (for example: not eligible for auto-proxying)
2019-12-25 17:53:46.105 [main] INFO  org.springframework.context.support.PostProcessorRegistrationDelegate$BeanPostProcessorChecker:330 - Bean 'org.springframework.boot.autoconfigure.data.redis.LettuceConnectionConfiguration' of type [org.springframework.boot.autoconfigure.data.redis.LettuceConnectionConfiguration$$EnhancerBySpringCGLIB$$c770e19a] is not eligible for getting processed by all BeanPostProcessors (for example: not eligible for auto-proxying)
2019-12-25 17:53:46.388 [main] INFO  org.springframework.context.support.PostProcessorRegistrationDelegate$BeanPostProcessorChecker:330 - Bean 'lettuceClientResources' of type [io.lettuce.core.resource.DefaultClientResources] is not eligible for getting processed by all BeanPostProcessors (for example: not eligible for auto-proxying)
2019-12-25 17:53:46.548 [main] INFO  org.springframework.context.support.PostProcessorRegistrationDelegate$BeanPostProcessorChecker:330 - Bean 'redisConnectionFactory' of type [org.springframework.data.redis.connection.lettuce.LettuceConnectionFactory] is not eligible for getting processed by all BeanPostProcessors (for example: not eligible for auto-proxying)
2019-12-25 17:53:46.574 [main] INFO  org.springframework.context.support.PostProcessorRegistrationDelegate$BeanPostProcessorChecker:330 - Bean 'redisTemplate' of type [org.springframework.data.redis.core.RedisTemplate] is not eligible for getting processed by all BeanPostProcessors (for example: not eligible for auto-proxying)
2019-12-25 17:53:46.576 [main] INFO  org.springframework.context.support.PostProcessorRegistrationDelegate$BeanPostProcessorChecker:330 - Bean 'redisUtils' of type [com.springbootjpa.codeGod.utils.RedisUtils] is not eligible for getting processed by all BeanPostProcessors (for example: not eligible for auto-proxying)
2019-12-25 17:53:46.610 [main] INFO  org.springframework.context.support.PostProcessorRegistrationDelegate$BeanPostProcessorChecker:330 - Bean '(inner bean)#7b524b68' of type [org.springframework.beans.factory.config.PropertiesFactoryBean] is not eligible for getting processed by all BeanPostProcessors (for example: not eligible for auto-proxying)
2019-12-25 17:53:46.610 [main] INFO  org.springframework.context.support.PostProcessorRegistrationDelegate$BeanPostProcessorChecker:330 - Bean '(inner bean)#7b524b68' of type [java.util.Properties] is not eligible for getting processed by all BeanPostProcessors (for example: not eligible for auto-proxying)
2019-12-25 17:53:46.612 [main] INFO  org.springframework.context.support.PostProcessorRegistrationDelegate$BeanPostProcessorChecker:330 - Bean '(inner bean)#77032036' of type [org.springframework.data.repository.core.support.PropertiesBasedNamedQueries] is not eligible for getting processed by all BeanPostProcessors (for example: not eligible for auto-proxying)
2019-12-25 17:53:46.615 [main] INFO  org.springframework.context.support.PostProcessorRegistrationDelegate$BeanPostProcessorChecker:330 - Bean '(inner bean)#ca5b03b' of type [org.springframework.data.repository.core.support.RepositoryFragmentsFactoryBean] is not eligible for getting processed by all BeanPostProcessors (for example: not eligible for auto-proxying)
2019-12-25 17:53:46.615 [main] INFO  org.springframework.context.support.PostProcessorRegistrationDelegate$BeanPostProcessorChecker:330 - Bean '(inner bean)#ca5b03b' of type [org.springframework.data.repository.core.support.RepositoryComposition$RepositoryFragments] is not eligible for getting processed by all BeanPostProcessors (for example: not eligible for auto-proxying)
2019-12-25 17:53:46.621 [main] INFO  org.springframework.context.support.PostProcessorRegistrationDelegate$BeanPostProcessorChecker:330 - Bean 'druidConfig' of type [com.springbootjpa.codeGod.config.DruidConfig$$EnhancerBySpringCGLIB$$8d2a5c8b] is not eligible for getting processed by all BeanPostProcessors (for example: not eligible for auto-proxying)
2019-12-25 17:53:46.698 [main] INFO  org.springframework.context.support.PostProcessorRegistrationDelegate$BeanPostProcessorChecker:330 - Bean 'statFilter' of type [com.alibaba.druid.filter.stat.StatFilter] is not eligible for getting processed by all BeanPostProcessors (for example: not eligible for auto-proxying)
2019-12-25 17:53:46.849 [main] INFO  com.alibaba.druid.pool.DruidDataSource:930 - {dataSource-1} inited
2019-12-25 17:53:46.850 [main] INFO  org.springframework.context.support.PostProcessorRegistrationDelegate$BeanPostProcessorChecker:330 - Bean 'dataSource' of type [com.alibaba.druid.pool.DruidDataSource] is not eligible for getting processed by all BeanPostProcessors (for example: not eligible for auto-proxying)
2019-12-25 17:53:46.861 [main] INFO  org.springframework.context.support.PostProcessorRegistrationDelegate$BeanPostProcessorChecker:330 - Bean 'spring.jpa-org.springframework.boot.autoconfigure.orm.jpa.JpaProperties' of type [org.springframework.boot.autoconfigure.orm.jpa.JpaProperties] is not eligible for getting processed by all BeanPostProcessors (for example: not eligible for auto-proxying)
2019-12-25 17:53:46.866 [main] INFO  org.springframework.context.support.PostProcessorRegistrationDelegate$BeanPostProcessorChecker:330 - Bean 'spring.jpa.hibernate-org.springframework.boot.autoconfigure.orm.jpa.HibernateProperties' of type [org.springframework.boot.autoconfigure.orm.jpa.HibernateProperties] is not eligible for getting processed by all BeanPostProcessors (for example: not eligible for auto-proxying)
2019-12-25 17:53:46.873 [main] INFO  org.springframework.context.support.PostProcessorRegistrationDelegate$BeanPostProcessorChecker:330 - Bean 'org.springframework.boot.autoconfigure.transaction.TransactionAutoConfiguration' of type [org.springframework.boot.autoconfigure.transaction.TransactionAutoConfiguration$$EnhancerBySpringCGLIB$$46cb1e5a] is not eligible for getting processed by all BeanPostProcessors (for example: not eligible for auto-proxying)
2019-12-25 17:53:46.886 [main] INFO  org.springframework.context.support.PostProcessorRegistrationDelegate$BeanPostProcessorChecker:330 - Bean 'spring.transaction-org.springframework.boot.autoconfigure.transaction.TransactionProperties' of type [org.springframework.boot.autoconfigure.transaction.TransactionProperties] is not eligible for getting processed by all BeanPostProcessors (for example: not eligible for auto-proxying)
2019-12-25 17:53:46.887 [main] INFO  org.springframework.context.support.PostProcessorRegistrationDelegate$BeanPostProcessorChecker:330 - Bean 'platformTransactionManagerCustomizers' of type [org.springframework.boot.autoconfigure.transaction.TransactionManagerCustomizers] is not eligible for getting processed by all BeanPostProcessors (for example: not eligible for auto-proxying)
2019-12-25 17:53:46.891 [main] INFO  org.springframework.context.support.PostProcessorRegistrationDelegate$BeanPostProcessorChecker:330 - Bean 'org.springframework.boot.autoconfigure.jdbc.metadata.DataSourcePoolMetadataProvidersConfiguration$HikariPoolDataSourceMetadataProviderConfiguration' of type [org.springframework.boot.autoconfigure.jdbc.metadata.DataSourcePoolMetadataProvidersConfiguration$HikariPoolDataSourceMetadataProviderConfiguration$$EnhancerBySpringCGLIB$$12ae4b34] is not eligible for getting processed by all BeanPostProcessors (for example: not eligible for auto-proxying)
2019-12-25 17:53:46.897 [main] INFO  org.springframework.context.support.PostProcessorRegistrationDelegate$BeanPostProcessorChecker:330 - Bean 'hikariPoolDataSourceMetadataProvider' of type [org.springframework.boot.autoconfigure.jdbc.metadata.DataSourcePoolMetadataProvidersConfiguration$HikariPoolDataSourceMetadataProviderConfiguration$$Lambda$393/1978544824] is not eligible for getting processed by all BeanPostProcessors (for example: not eligible for auto-proxying)
2019-12-25 17:53:46.909 [main] INFO  org.springframework.context.support.PostProcessorRegistrationDelegate$BeanPostProcessorChecker:330 - Bean 'org.springframework.boot.autoconfigure.orm.jpa.HibernateJpaConfiguration' of type [org.springframework.boot.autoconfigure.orm.jpa.HibernateJpaConfiguration$$EnhancerBySpringCGLIB$$d12de5bf] is not eligible for getting processed by all BeanPostProcessors (for example: not eligible for auto-proxying)
2019-12-25 17:53:46.960 [main] INFO  org.springframework.context.support.PostProcessorRegistrationDelegate$BeanPostProcessorChecker:330 - Bean 'jpaVendorAdapter' of type [org.springframework.orm.jpa.vendor.HibernateJpaVendorAdapter] is not eligible for getting processed by all BeanPostProcessors (for example: not eligible for auto-proxying)
2019-12-25 17:53:46.965 [main] INFO  org.springframework.context.support.PostProcessorRegistrationDelegate$BeanPostProcessorChecker:330 - Bean 'entityManagerFactoryBuilder' of type [org.springframework.boot.orm.jpa.EntityManagerFactoryBuilder] is not eligible for getting processed by all BeanPostProcessors (for example: not eligible for auto-proxying)
2019-12-25 17:53:47.897 [main] INFO  org.hibernate.jpa.internal.util.LogHelper:31 - HHH000204: Processing PersistenceUnitInfo [
	name: default
	...]
2019-12-25 17:53:48.092 [main] INFO  org.hibernate.Version:46 - HHH000412: Hibernate Core {5.3.10.Final}
2019-12-25 17:53:48.094 [main] INFO  org.hibernate.cfg.Environment:213 - HHH000206: hibernate.properties not found
2019-12-25 17:53:48.430 [main] INFO  org.hibernate.annotations.common.Version:49 - HCANN000001: Hibernate Commons Annotations {5.0.4.Final}
2019-12-25 17:53:48.773 [main] INFO  org.hibernate.dialect.Dialect:157 - HHH000400: Using dialect: org.hibernate.dialect.MySQL5Dialect
2019-12-25 17:53:50.903 [main] INFO  org.springframework.orm.jpa.LocalContainerEntityManagerFactoryBean:415 - Initialized JPA EntityManagerFactory for persistence unit 'default'
2019-12-25 17:53:50.912 [main] INFO  org.springframework.context.support.PostProcessorRegistrationDelegate$BeanPostProcessorChecker:330 - Bean 'entityManagerFactory' of type [org.springframework.orm.jpa.LocalContainerEntityManagerFactoryBean] is not eligible for getting processed by all BeanPostProcessors (for example: not eligible for auto-proxying)
2019-12-25 17:53:50.913 [main] INFO  org.springframework.context.support.PostProcessorRegistrationDelegate$BeanPostProcessorChecker:330 - Bean 'entityManagerFactory' of type [com.sun.proxy.$Proxy112] is not eligible for getting processed by all BeanPostProcessors (for example: not eligible for auto-proxying)
2019-12-25 17:53:50.942 [main] INFO  org.springframework.context.support.PostProcessorRegistrationDelegate$BeanPostProcessorChecker:330 - Bean '(inner bean)#2de9b854' of type [com.sun.proxy.$Proxy113] is not eligible for getting processed by all BeanPostProcessors (for example: not eligible for auto-proxying)
2019-12-25 17:53:50.974 [main] INFO  org.springframework.context.support.PostProcessorRegistrationDelegate$BeanPostProcessorChecker:330 - Bean 'jpaMappingContext' of type [org.springframework.data.jpa.repository.config.JpaMetamodelMappingContextFactoryBean] is not eligible for getting processed by all BeanPostProcessors (for example: not eligible for auto-proxying)
2019-12-25 17:53:50.975 [main] INFO  org.springframework.context.support.PostProcessorRegistrationDelegate$BeanPostProcessorChecker:330 - Bean 'jpaMappingContext' of type [org.springframework.data.jpa.mapping.JpaMetamodelMappingContext] is not eligible for getting processed by all BeanPostProcessors (for example: not eligible for auto-proxying)
2019-12-25 17:53:51.472 [main] INFO  org.springframework.context.support.PostProcessorRegistrationDelegate$BeanPostProcessorChecker:330 - Bean 'sysUsersRepository' of type [org.springframework.data.jpa.repository.support.JpaRepositoryFactoryBean] is not eligible for getting processed by all BeanPostProcessors (for example: not eligible for auto-proxying)
2019-12-25 17:53:51.472 [main] INFO  org.springframework.context.support.PostProcessorRegistrationDelegate$BeanPostProcessorChecker:330 - Bean 'sysUsersRepository' of type [com.sun.proxy.$Proxy116] is not eligible for getting processed by all BeanPostProcessors (for example: not eligible for auto-proxying)
2019-12-25 17:53:51.477 [main] INFO  org.springframework.context.support.PostProcessorRegistrationDelegate$BeanPostProcessorChecker:330 - Bean '(inner bean)#29e8da54' of type [org.springframework.beans.factory.config.PropertiesFactoryBean] is not eligible for getting processed by all BeanPostProcessors (for example: not eligible for auto-proxying)
2019-12-25 17:53:51.477 [main] INFO  org.springframework.context.support.PostProcessorRegistrationDelegate$BeanPostProcessorChecker:330 - Bean '(inner bean)#29e8da54' of type [java.util.Properties] is not eligible for getting processed by all BeanPostProcessors (for example: not eligible for auto-proxying)
2019-12-25 17:53:51.478 [main] INFO  org.springframework.context.support.PostProcessorRegistrationDelegate$BeanPostProcessorChecker:330 - Bean '(inner bean)#17f94d72' of type [org.springframework.data.repository.core.support.PropertiesBasedNamedQueries] is not eligible for getting processed by all BeanPostProcessors (for example: not eligible for auto-proxying)
2019-12-25 17:53:51.478 [main] INFO  org.springframework.context.support.PostProcessorRegistrationDelegate$BeanPostProcessorChecker:330 - Bean '(inner bean)#5a4b583' of type [org.springframework.data.repository.core.support.RepositoryFragmentsFactoryBean] is not eligible for getting processed by all BeanPostProcessors (for example: not eligible for auto-proxying)
2019-12-25 17:53:51.479 [main] INFO  org.springframework.context.support.PostProcessorRegistrationDelegate$BeanPostProcessorChecker:330 - Bean '(inner bean)#5a4b583' of type [org.springframework.data.repository.core.support.RepositoryComposition$RepositoryFragments] is not eligible for getting processed by all BeanPostProcessors (for example: not eligible for auto-proxying)
2019-12-25 17:53:51.479 [main] INFO  org.springframework.context.support.PostProcessorRegistrationDelegate$BeanPostProcessorChecker:330 - Bean '(inner bean)#35a3c8e3' of type [com.sun.proxy.$Proxy113] is not eligible for getting processed by all BeanPostProcessors (for example: not eligible for auto-proxying)
2019-12-25 17:53:51.502 [main] INFO  org.springframework.context.support.PostProcessorRegistrationDelegate$BeanPostProcessorChecker:330 - Bean 'sysUsersRolesRepository' of type [org.springframework.data.jpa.repository.support.JpaRepositoryFactoryBean] is not eligible for getting processed by all BeanPostProcessors (for example: not eligible for auto-proxying)
2019-12-25 17:53:51.502 [main] INFO  org.springframework.context.support.PostProcessorRegistrationDelegate$BeanPostProcessorChecker:330 - Bean 'sysUsersRolesRepository' of type [com.sun.proxy.$Proxy117] is not eligible for getting processed by all BeanPostProcessors (for example: not eligible for auto-proxying)
2019-12-25 17:53:51.507 [main] INFO  org.springframework.context.support.PostProcessorRegistrationDelegate$BeanPostProcessorChecker:330 - Bean '(inner bean)#5f1f6355' of type [org.springframework.beans.factory.config.PropertiesFactoryBean] is not eligible for getting processed by all BeanPostProcessors (for example: not eligible for auto-proxying)
2019-12-25 17:53:51.507 [main] INFO  org.springframework.context.support.PostProcessorRegistrationDelegate$BeanPostProcessorChecker:330 - Bean '(inner bean)#5f1f6355' of type [java.util.Properties] is not eligible for getting processed by all BeanPostProcessors (for example: not eligible for auto-proxying)
2019-12-25 17:53:51.507 [main] INFO  org.springframework.context.support.PostProcessorRegistrationDelegate$BeanPostProcessorChecker:330 - Bean '(inner bean)#4226a5db' of type [org.springframework.data.repository.core.support.PropertiesBasedNamedQueries] is not eligible for getting processed by all BeanPostProcessors (for example: not eligible for auto-proxying)
2019-12-25 17:53:51.508 [main] INFO  org.springframework.context.support.PostProcessorRegistrationDelegate$BeanPostProcessorChecker:330 - Bean '(inner bean)#5c01de66' of type [org.springframework.data.repository.core.support.RepositoryFragmentsFactoryBean] is not eligible for getting processed by all BeanPostProcessors (for example: not eligible for auto-proxying)
2019-12-25 17:53:51.508 [main] INFO  org.springframework.context.support.PostProcessorRegistrationDelegate$BeanPostProcessorChecker:330 - Bean '(inner bean)#5c01de66' of type [org.springframework.data.repository.core.support.RepositoryComposition$RepositoryFragments] is not eligible for getting processed by all BeanPostProcessors (for example: not eligible for auto-proxying)
2019-12-25 17:53:51.509 [main] INFO  org.springframework.context.support.PostProcessorRegistrationDelegate$BeanPostProcessorChecker:330 - Bean '(inner bean)#1ebedc96' of type [com.sun.proxy.$Proxy113] is not eligible for getting processed by all BeanPostProcessors (for example: not eligible for auto-proxying)
2019-12-25 17:53:51.559 [main] INFO  org.hibernate.hql.internal.QueryTranslatorFactoryInitiator:47 - HHH000397: Using ASTQueryTranslatorFactory
2019-12-25 17:53:51.740 [main] INFO  org.springframework.context.support.PostProcessorRegistrationDelegate$BeanPostProcessorChecker:330 - Bean 'sysRolesRermissionsRepository' of type [org.springframework.data.jpa.repository.support.JpaRepositoryFactoryBean] is not eligible for getting processed by all BeanPostProcessors (for example: not eligible for auto-proxying)
2019-12-25 17:53:51.740 [main] INFO  org.springframework.context.support.PostProcessorRegistrationDelegate$BeanPostProcessorChecker:330 - Bean 'sysRolesRermissionsRepository' of type [com.sun.proxy.$Proxy119] is not eligible for getting processed by all BeanPostProcessors (for example: not eligible for auto-proxying)
2019-12-25 17:53:51.741 [main] INFO  org.springframework.context.support.PostProcessorRegistrationDelegate$BeanPostProcessorChecker:330 - Bean 'shiroRealm' of type [com.springbootjpa.codeGod.shiro.MyShiroRealm] is not eligible for getting processed by all BeanPostProcessors (for example: not eligible for auto-proxying)
2019-12-25 17:53:51.744 [main] INFO  org.springframework.context.support.PostProcessorRegistrationDelegate$BeanPostProcessorChecker:330 - Bean 'securityManager' of type [org.apache.shiro.web.mgt.DefaultWebSecurityManager] is not eligible for getting processed by all BeanPostProcessors (for example: not eligible for auto-proxying)
2019-12-25 17:53:51.787 [main] INFO  org.springframework.context.support.PostProcessorRegistrationDelegate$BeanPostProcessorChecker:330 - Bean 'authorizationAttributeSourceAdvisor' of type [org.apache.shiro.spring.security.interceptor.AuthorizationAttributeSourceAdvisor] is not eligible for getting processed by all BeanPostProcessors (for example: not eligible for auto-proxying)
2019-12-25 17:53:51.925 [main] INFO  org.springframework.context.support.PostProcessorRegistrationDelegate$BeanPostProcessorChecker:330 - Bean 'org.springframework.transaction.annotation.ProxyTransactionManagementConfiguration' of type [org.springframework.transaction.annotation.ProxyTransactionManagementConfiguration$$EnhancerBySpringCGLIB$$b2572350] is not eligible for getting processed by all BeanPostProcessors (for example: not eligible for auto-proxying)
2019-12-25 17:53:53.200 [main] INFO  org.springframework.boot.web.embedded.tomcat.TomcatWebServer:90 - Tomcat initialized with port(s): 8000 (http)
2019-12-25 17:53:53.258 [main] INFO  org.apache.catalina.core.StandardService:173 - Starting service [Tomcat]
2019-12-25 17:53:53.259 [main] INFO  org.apache.catalina.core.StandardEngine:173 - Starting Servlet engine: [Apache Tomcat/9.0.22]
2019-12-25 17:53:53.525 [main] INFO  org.apache.catalina.core.ContainerBase.[Tomcat].[localhost].[/codeGod]:173 - Initializing Spring embedded WebApplicationContext
2019-12-25 17:53:53.526 [main] INFO  org.springframework.web.context.ContextLoader:284 - Root WebApplicationContext: initialization completed in 11246 ms
2019-12-25 17:53:54.368 [main] INFO  com.springbootjpa.codeGod.shiro.PortalCorsFilter:21 - init CorsFilter...
2019-12-25 17:53:54.596 [main] DEBUG com.springbootjpa.codeGod.shiro.PortalCorsFilter$$EnhancerBySpringCGLIB$$28e31dc1:241 - Filter 'portalCorsFilter' configured for use
2019-12-25 17:54:00.507 [main] INFO  org.springframework.boot.actuate.endpoint.web.EndpointLinksResolver:58 - Exposing 2 endpoint(s) beneath base path '/actuator'
2019-12-25 17:54:01.196 [main] INFO  org.springframework.scheduling.concurrent.ThreadPoolTaskExecutor:171 - Initializing ExecutorService 'applicationTaskExecutor'
2019-12-25 17:54:02.809 [main] INFO  springfox.documentation.spring.web.plugins.DocumentationPluginsBootstrapper:120 - Context refreshed
2019-12-25 17:54:02.833 [main] INFO  springfox.documentation.spring.web.plugins.DocumentationPluginsBootstrapper:123 - Found 1 custom documentation plugin(s)
2019-12-25 17:54:02.854 [main] INFO  springfox.documentation.spring.web.scanners.ApiListingReferenceScanner:41 - Scanning for api listing references
2019-12-25 17:54:03.263 [main] INFO  springfox.documentation.spring.web.readers.operation.CachingOperationNameGenerator:40 - Generating unique operation named: doPageUsingPOST_1
2019-12-25 17:54:03.313 [main] INFO  springfox.documentation.spring.web.readers.operation.CachingOperationNameGenerator:40 - Generating unique operation named: doPageUsingPOST_2
2019-12-25 17:54:03.336 [main] INFO  springfox.documentation.spring.web.readers.operation.CachingOperationNameGenerator:40 - Generating unique operation named: doPageUsingPOST_3
2019-12-25 17:54:03.352 [main] INFO  springfox.documentation.spring.web.readers.operation.CachingOperationNameGenerator:40 - Generating unique operation named: doPageUsingPOST_4
2019-12-25 17:54:03.385 [main] INFO  springfox.documentation.spring.web.readers.operation.CachingOperationNameGenerator:40 - Generating unique operation named: doPageUsingPOST_5
2019-12-25 17:54:03.400 [main] INFO  springfox.documentation.spring.web.readers.operation.CachingOperationNameGenerator:40 - Generating unique operation named: doPageUsingPOST_6
2019-12-25 17:54:03.455 [main] INFO  springfox.documentation.spring.web.readers.operation.CachingOperationNameGenerator:40 - Generating unique operation named: doPageUsingPOST_7
2019-12-25 17:54:03.458 [main] INFO  springfox.documentation.spring.web.readers.operation.CachingOperationNameGenerator:40 - Generating unique operation named: updateCaseUsingPOST_1
2019-12-25 17:54:03.467 [main] INFO  springfox.documentation.spring.web.readers.operation.CachingOperationNameGenerator:40 - Generating unique operation named: doPageUsingPOST_8
2019-12-25 17:54:03.470 [main] INFO  springfox.documentation.spring.web.readers.operation.CachingOperationNameGenerator:40 - Generating unique operation named: updateCaseUsingPOST_2
2019-12-25 17:54:03.481 [main] INFO  springfox.documentation.spring.web.readers.operation.CachingOperationNameGenerator:40 - Generating unique operation named: doPageUsingPOST_9
2019-12-25 17:54:03.488 [main] INFO  springfox.documentation.spring.web.readers.operation.CachingOperationNameGenerator:40 - Generating unique operation named: addTopicUsingPOST_1
2019-12-25 17:54:03.493 [main] INFO  springfox.documentation.spring.web.readers.operation.CachingOperationNameGenerator:40 - Generating unique operation named: doPageUsingPOST_10
2019-12-25 17:54:03.530 [main] INFO  springfox.documentation.spring.web.readers.operation.CachingOperationNameGenerator:40 - Generating unique operation named: doPageUsingPOST_11
2019-12-25 17:54:03.594 [main] INFO  springfox.documentation.spring.web.readers.operation.CachingOperationNameGenerator:40 - Generating unique operation named: doPageUsingPOST_12
2019-12-25 17:54:03.767 [main] INFO  org.springframework.boot.web.embedded.tomcat.TomcatWebServer:202 - Tomcat started on port(s): 8000 (http) with context path '/codeGod'
2019-12-25 17:54:03.771 [main] INFO  com.springbootjpa.codeGod.CodeGodApplication:59 - Started CodeGodApplication in 22.932 seconds (JVM running for 28.871)
2019-12-25 17:54:04.186 [RMI TCP Connection(3)-192.168.3.10] INFO  org.apache.catalina.core.ContainerBase.[Tomcat].[localhost].[/codeGod]:173 - Initializing Spring DispatcherServlet 'dispatcherServlet'
2019-12-25 17:54:04.186 [RMI TCP Connection(3)-192.168.3.10] INFO  org.springframework.web.servlet.DispatcherServlet:524 - Initializing Servlet 'dispatcherServlet'
2019-12-25 17:54:04.211 [RMI TCP Connection(3)-192.168.3.10] INFO  org.springframework.web.servlet.DispatcherServlet:546 - Completed initialization in 24 ms
2019-12-25 17:54:04.852 [parallel-1] INFO  io.lettuce.core.EpollProvider:68 - Starting without optional epoll library
2019-12-25 17:54:04.855 [parallel-1] INFO  io.lettuce.core.KqueueProvider:70 - Starting without optional kqueue library
2019-12-25 18:00:52.752 [http-nio-8000-exec-1] INFO  org.apache.shiro.session.mgt.AbstractValidatingSessionManager:233 - Enabling session validation scheduler...
2019-12-25 18:04:37.876 [http-nio-8000-exec-9] INFO  org.springframework.data.repository.config.RepositoryConfigurationDelegate:126 - Bootstrapping Spring Data repositories in DEFAULT mode.
2019-12-25 18:04:37.929 [http-nio-8000-exec-9] INFO  org.springframework.data.repository.config.RepositoryConfigurationDelegate:182 - Finished Spring Data repository scanning in 52ms. Found 0 repository interfaces.
2019-12-25 18:04:37.938 [http-nio-8000-exec-9] INFO  org.springframework.data.repository.config.RepositoryConfigurationDelegate:126 - Bootstrapping Spring Data repositories in DEFAULT mode.
2019-12-25 18:04:37.975 [http-nio-8000-exec-9] INFO  org.springframework.data.repository.config.RepositoryConfigurationDelegate:182 - Finished Spring Data repository scanning in 36ms. Found 0 repository interfaces.
2019-12-25 18:04:38.231 [http-nio-8000-exec-2] INFO  springfox.documentation.spring.web.scanners.ApiListingReferenceScanner:41 - Scanning for api listing references
2019-12-25 18:04:38.284 [http-nio-8000-exec-2] INFO  springfox.documentation.spring.web.readers.operation.CachingOperationNameGenerator:40 - Generating unique operation named: doPageUsingPOST_13
2019-12-25 18:04:38.320 [http-nio-8000-exec-2] INFO  springfox.documentation.spring.web.readers.operation.CachingOperationNameGenerator:40 - Generating unique operation named: doSaveOrUpdateMemberCaseUsingPOST_1
2019-12-25 18:04:38.334 [http-nio-8000-exec-2] INFO  springfox.documentation.spring.web.readers.operation.CachingOperationNameGenerator:40 - Generating unique operation named: findByCaseIdReturnCaseAndResourceUsingPOST_1
2019-12-25 18:04:38.366 [http-nio-8000-exec-2] INFO  springfox.documentation.spring.web.readers.operation.CachingOperationNameGenerator:40 - Generating unique operation named: basedSearchUsingPOST_1
2019-12-25 18:04:38.500 [http-nio-8000-exec-2] INFO  springfox.documentation.spring.web.readers.operation.CachingOperationNameGenerator:40 - Generating unique operation named: doAddMemberUsingPOST_1
2019-12-25 18:04:38.574 [http-nio-8000-exec-2] INFO  springfox.documentation.spring.web.readers.operation.CachingOperationNameGenerator:40 - Generating unique operation named: doEditMemberUsingPOST_1
2019-12-25 18:04:38.595 [http-nio-8000-exec-2] INFO  springfox.documentation.spring.web.readers.operation.CachingOperationNameGenerator:40 - Generating unique operation named: doPageUsingPOST_14
2019-12-25 18:04:38.616 [http-nio-8000-exec-2] INFO  springfox.documentation.spring.web.readers.operation.CachingOperationNameGenerator:40 - Generating unique operation named: doSaveResourceAndSkillUsingPOST_1
2019-12-25 18:04:38.634 [http-nio-8000-exec-2] INFO  springfox.documentation.spring.web.readers.operation.CachingOperationNameGenerator:40 - Generating unique operation named: editMemberEchoUsingPOST_1
2019-12-25 18:04:38.652 [http-nio-8000-exec-2] INFO  springfox.documentation.spring.web.readers.operation.CachingOperationNameGenerator:40 - Generating unique operation named: findKeyWordLikeCityUsingPOST_1
2019-12-25 18:04:38.670 [http-nio-8000-exec-2] INFO  springfox.documentation.spring.web.readers.operation.CachingOperationNameGenerator:40 - Generating unique operation named: findKeyWordListCompanyUsingPOST_1
2019-12-25 18:04:38.686 [http-nio-8000-exec-2] INFO  springfox.documentation.spring.web.readers.operation.CachingOperationNameGenerator:40 - Generating unique operation named: findResourceAllUsingPOST_1
2019-12-25 18:04:38.703 [http-nio-8000-exec-2] INFO  springfox.documentation.spring.web.readers.operation.CachingOperationNameGenerator:40 - Generating unique operation named: doPageUsingPOST_15
2019-12-25 18:04:38.715 [http-nio-8000-exec-2] INFO  springfox.documentation.spring.web.readers.operation.CachingOperationNameGenerator:40 - Generating unique operation named: doRefusedUsingPOST_1
2019-12-25 18:04:38.726 [http-nio-8000-exec-2] INFO  springfox.documentation.spring.web.readers.operation.CachingOperationNameGenerator:40 - Generating unique operation named: doSignEmployUsingPOST_1
2019-12-25 18:04:38.736 [http-nio-8000-exec-2] INFO  springfox.documentation.spring.web.readers.operation.CachingOperationNameGenerator:40 - Generating unique operation named: findByEmployIdReturnMapUsingPOST_1
2019-12-25 18:04:38.745 [http-nio-8000-exec-2] INFO  springfox.documentation.spring.web.readers.operation.CachingOperationNameGenerator:40 - Generating unique operation named: doPageUsingPOST_16
2019-12-25 18:04:38.759 [http-nio-8000-exec-2] INFO  springfox.documentation.spring.web.readers.operation.CachingOperationNameGenerator:40 - Generating unique operation named: deleteSignMemberUsingPOST_1
2019-12-25 18:04:38.772 [http-nio-8000-exec-2] INFO  springfox.documentation.spring.web.readers.operation.CachingOperationNameGenerator:40 - Generating unique operation named: doPageUsingPOST_17
2019-12-25 18:04:38.829 [http-nio-8000-exec-2] INFO  springfox.documentation.spring.web.readers.operation.CachingOperationNameGenerator:40 - Generating unique operation named: doSaveSginUsingPOST_1
2019-12-25 18:04:38.845 [http-nio-8000-exec-2] INFO  springfox.documentation.spring.web.readers.operation.CachingOperationNameGenerator:40 - Generating unique operation named: findMapSignUsingPOST_1
2019-12-25 18:04:38.863 [http-nio-8000-exec-2] INFO  springfox.documentation.spring.web.readers.operation.CachingOperationNameGenerator:40 - Generating unique operation named: saveSignEchoUsingPOST_1
2019-12-25 18:04:38.874 [http-nio-8000-exec-2] INFO  springfox.documentation.spring.web.readers.operation.CachingOperationNameGenerator:40 - Generating unique operation named: addCaseUsingPOST_1
2019-12-25 18:04:38.885 [http-nio-8000-exec-2] INFO  springfox.documentation.spring.web.readers.operation.CachingOperationNameGenerator:40 - Generating unique operation named: doPageUsingPOST_18
2019-12-25 18:04:38.895 [http-nio-8000-exec-2] INFO  springfox.documentation.spring.web.readers.operation.CachingOperationNameGenerator:40 - Generating unique operation named: updateCaseUsingPOST_3
2019-12-25 18:04:38.913 [http-nio-8000-exec-2] INFO  springfox.documentation.spring.web.readers.operation.CachingOperationNameGenerator:40 - Generating unique operation named: addMedalUsingPOST_1
2019-12-25 18:04:38.928 [http-nio-8000-exec-2] INFO  springfox.documentation.spring.web.readers.operation.CachingOperationNameGenerator:40 - Generating unique operation named: deleteMedalUsingPOST_1
2019-12-25 18:04:38.945 [http-nio-8000-exec-2] INFO  springfox.documentation.spring.web.readers.operation.CachingOperationNameGenerator:40 - Generating unique operation named: doPageUsingPOST_19
2019-12-25 18:04:38.959 [http-nio-8000-exec-2] INFO  springfox.documentation.spring.web.readers.operation.CachingOperationNameGenerator:40 - Generating unique operation named: updateMedalUsingPOST_1
2019-12-25 18:04:38.980 [http-nio-8000-exec-2] INFO  springfox.documentation.spring.web.readers.operation.CachingOperationNameGenerator:40 - Generating unique operation named: addCommentUsingPOST_1
2019-12-25 18:04:39.001 [http-nio-8000-exec-2] INFO  springfox.documentation.spring.web.readers.operation.CachingOperationNameGenerator:40 - Generating unique operation named: addNewsUsingPOST_1
2019-12-25 18:04:39.018 [http-nio-8000-exec-2] INFO  springfox.documentation.spring.web.readers.operation.CachingOperationNameGenerator:40 - Generating unique operation named: deleteCommentUsingPOST_1
2019-12-25 18:04:39.032 [http-nio-8000-exec-2] INFO  springfox.documentation.spring.web.readers.operation.CachingOperationNameGenerator:40 - Generating unique operation named: deleteNewsUsingPOST_1
2019-12-25 18:04:39.049 [http-nio-8000-exec-2] INFO  springfox.documentation.spring.web.readers.operation.CachingOperationNameGenerator:40 - Generating unique operation named: doPageCommentUsingPOST_1
2019-12-25 18:04:39.059 [http-nio-8000-exec-2] INFO  springfox.documentation.spring.web.readers.operation.CachingOperationNameGenerator:40 - Generating unique operation named: doPageNewsUsingPOST_1
2019-12-25 18:04:39.070 [http-nio-8000-exec-2] INFO  springfox.documentation.spring.web.readers.operation.CachingOperationNameGenerator:40 - Generating unique operation named: updateCommentUsingPOST_1
2019-12-25 18:04:39.080 [http-nio-8000-exec-2] INFO  springfox.documentation.spring.web.readers.operation.CachingOperationNameGenerator:40 - Generating unique operation named: updateNewsUsingPOST_1
2019-12-25 18:04:39.086 [http-nio-8000-exec-2] INFO  springfox.documentation.spring.web.readers.operation.CachingOperationNameGenerator:40 - Generating unique operation named: addCityUsingPOST_1
2019-12-25 18:04:39.092 [http-nio-8000-exec-2] INFO  springfox.documentation.spring.web.readers.operation.CachingOperationNameGenerator:40 - Generating unique operation named: doPageUsingPOST_20
2019-12-25 18:04:39.099 [http-nio-8000-exec-2] INFO  springfox.documentation.spring.web.readers.operation.CachingOperationNameGenerator:40 - Generating unique operation named: updateCaseUsingPOST_4
2019-12-25 18:04:39.108 [http-nio-8000-exec-2] INFO  springfox.documentation.spring.web.readers.operation.CachingOperationNameGenerator:40 - Generating unique operation named: addSkillUsingPOST_1
2019-12-25 18:04:39.114 [http-nio-8000-exec-2] INFO  springfox.documentation.spring.web.readers.operation.CachingOperationNameGenerator:40 - Generating unique operation named: doPageUsingPOST_21
2019-12-25 18:04:39.121 [http-nio-8000-exec-2] INFO  springfox.documentation.spring.web.readers.operation.CachingOperationNameGenerator:40 - Generating unique operation named: updateCaseUsingPOST_5
2019-12-25 18:04:39.129 [http-nio-8000-exec-2] INFO  springfox.documentation.spring.web.readers.operation.CachingOperationNameGenerator:40 - Generating unique operation named: addTopicUsingPOST_2
2019-12-25 18:04:39.138 [http-nio-8000-exec-2] INFO  springfox.documentation.spring.web.readers.operation.CachingOperationNameGenerator:40 - Generating unique operation named: doPageUsingPOST_22
2019-12-25 18:04:39.147 [http-nio-8000-exec-2] INFO  springfox.documentation.spring.web.readers.operation.CachingOperationNameGenerator:40 - Generating unique operation named: updateSubtopicUsingPOST_1
2019-12-25 18:04:39.155 [http-nio-8000-exec-2] INFO  springfox.documentation.spring.web.readers.operation.CachingOperationNameGenerator:40 - Generating unique operation named: addTopicUsingPOST_3
2019-12-25 18:04:39.168 [http-nio-8000-exec-2] INFO  springfox.documentation.spring.web.readers.operation.CachingOperationNameGenerator:40 - Generating unique operation named: doPageUsingPOST_23
2019-12-25 18:04:39.177 [http-nio-8000-exec-2] INFO  springfox.documentation.spring.web.readers.operation.CachingOperationNameGenerator:40 - Generating unique operation named: findTopicUsingPOST_1
2019-12-25 18:04:39.185 [http-nio-8000-exec-2] INFO  springfox.documentation.spring.web.readers.operation.CachingOperationNameGenerator:40 - Generating unique operation named: updateTopicUsingPOST_1
2019-12-25 18:04:39.201 [http-nio-8000-exec-2] INFO  springfox.documentation.spring.web.readers.operation.CachingOperationNameGenerator:40 - Generating unique operation named: affirmSendProjectUsingPOST_1
2019-12-25 18:04:39.211 [http-nio-8000-exec-2] INFO  springfox.documentation.spring.web.readers.operation.CachingOperationNameGenerator:40 - Generating unique operation named: doPageUsingPOST_24
2019-12-25 18:04:39.223 [http-nio-8000-exec-2] INFO  springfox.documentation.spring.web.readers.operation.CachingOperationNameGenerator:40 - Generating unique operation named: findAllProjectManagerUsingPOST_1
2019-12-25 18:04:39.234 [http-nio-8000-exec-2] INFO  springfox.documentation.spring.web.readers.operation.CachingOperationNameGenerator:40 - Generating unique operation named: refuseByIdPmDemandUsingPOST_1
2019-12-25 18:04:39.246 [http-nio-8000-exec-2] INFO  springfox.documentation.spring.web.readers.operation.CachingOperationNameGenerator:40 - Generating unique operation named: sendPorjectUsingPOST_1
2019-12-25 18:04:39.255 [http-nio-8000-exec-2] INFO  springfox.documentation.spring.web.readers.operation.CachingOperationNameGenerator:40 - Generating unique operation named: settingProjectManagerUsingPOST_1
2019-12-25 18:04:39.280 [http-nio-8000-exec-2] INFO  springfox.documentation.spring.web.readers.operation.CachingOperationNameGenerator:40 - Generating unique operation named: addContractUsingPOST_1
2019-12-25 18:04:39.293 [http-nio-8000-exec-2] INFO  springfox.documentation.spring.web.readers.operation.CachingOperationNameGenerator:40 - Generating unique operation named: addModulesUsingPOST_1
2019-12-25 18:04:39.306 [http-nio-8000-exec-2] INFO  springfox.documentation.spring.web.readers.operation.CachingOperationNameGenerator:40 - Generating unique operation named: addRecruitmentUsingPOST_1
2019-12-25 18:04:39.319 [http-nio-8000-exec-2] INFO  springfox.documentation.spring.web.readers.operation.CachingOperationNameGenerator:40 - Generating unique operation named: doPageUsingPOST_25
2019-12-25 18:04:39.332 [http-nio-8000-exec-2] INFO  springfox.documentation.spring.web.readers.operation.CachingOperationNameGenerator:40 - Generating unique operation named: doPageModulesUsingPOST_1
2019-12-25 18:04:39.349 [http-nio-8000-exec-2] INFO  springfox.documentation.spring.web.readers.operation.CachingOperationNameGenerator:40 - Generating unique operation named: doPageRecruitmentUsingPOST_1
2019-12-25 18:04:39.367 [http-nio-8000-exec-2] INFO  springfox.documentation.spring.web.readers.operation.CachingOperationNameGenerator:40 - Generating unique operation named: findOneProjectByIdUsingPOST_1
2019-12-25 18:04:39.388 [http-nio-8000-exec-2] INFO  springfox.documentation.spring.web.readers.operation.CachingOperationNameGenerator:40 - Generating unique operation named: saveModuleUsingPOST_1
2019-12-25 18:04:39.407 [http-nio-8000-exec-2] INFO  springfox.documentation.spring.web.readers.operation.CachingOperationNameGenerator:40 - Generating unique operation named: submitRecruitmentUsingPOST_1
2019-12-25 18:04:39.433 [http-nio-8000-exec-2] INFO  springfox.documentation.spring.web.readers.operation.CachingOperationNameGenerator:40 - Generating unique operation named: updateModulesUsingPOST_1
2019-12-25 18:04:39.471 [http-nio-8000-exec-2] INFO  springfox.documentation.spring.web.readers.operation.CachingOperationNameGenerator:40 - Generating unique operation named: updateProjectByIdUsingPOST_1
2019-12-25 18:04:39.487 [http-nio-8000-exec-2] INFO  springfox.documentation.spring.web.readers.operation.CachingOperationNameGenerator:40 - Generating unique operation named: updateRecruitmentUsingPOST_1
2019-12-25 18:04:39.494 [http-nio-8000-exec-2] INFO  springfox.documentation.spring.web.readers.operation.CachingOperationNameGenerator:40 - Generating unique operation named: doPageTeamUsingPOST_1
2019-12-25 18:04:39.501 [http-nio-8000-exec-2] INFO  springfox.documentation.spring.web.readers.operation.CachingOperationNameGenerator:40 - Generating unique operation named: loginUsingPOST_1
2019-12-25 18:04:39.507 [http-nio-8000-exec-2] INFO  springfox.documentation.spring.web.readers.operation.CachingOperationNameGenerator:40 - Generating unique operation named: modifyPwdUsingPOST_1
2019-12-25 18:05:10.715 [http-nio-8000-exec-10] INFO  org.springframework.data.repository.config.RepositoryConfigurationDelegate:126 - Bootstrapping Spring Data repositories in DEFAULT mode.
2019-12-25 18:05:10.758 [http-nio-8000-exec-10] INFO  org.springframework.data.repository.config.RepositoryConfigurationDelegate:182 - Finished Spring Data repository scanning in 42ms. Found 0 repository interfaces.
2019-12-25 18:05:10.767 [http-nio-8000-exec-10] INFO  org.springframework.data.repository.config.RepositoryConfigurationDelegate:126 - Bootstrapping Spring Data repositories in DEFAULT mode.
2019-12-25 18:05:10.802 [http-nio-8000-exec-10] INFO  org.springframework.data.repository.config.RepositoryConfigurationDelegate:182 - Finished Spring Data repository scanning in 35ms. Found 0 repository interfaces.
2019-12-25 18:05:12.187 [http-nio-8000-exec-2] INFO  springfox.documentation.spring.web.scanners.ApiListingReferenceScanner:41 - Scanning for api listing references
2019-12-25 18:05:12.211 [http-nio-8000-exec-2] INFO  springfox.documentation.spring.web.readers.operation.CachingOperationNameGenerator:40 - Generating unique operation named: doPageUsingPOST_26
2019-12-25 18:05:12.231 [http-nio-8000-exec-2] INFO  springfox.documentation.spring.web.readers.operation.CachingOperationNameGenerator:40 - Generating unique operation named: doSaveOrUpdateMemberCaseUsingPOST_2
2019-12-25 18:05:12.239 [http-nio-8000-exec-2] INFO  springfox.documentation.spring.web.readers.operation.CachingOperationNameGenerator:40 - Generating unique operation named: findByCaseIdReturnCaseAndResourceUsingPOST_2
2019-12-25 18:05:12.255 [http-nio-8000-exec-2] INFO  springfox.documentation.spring.web.readers.operation.CachingOperationNameGenerator:40 - Generating unique operation named: basedSearchUsingPOST_2
2019-12-25 18:05:12.319 [http-nio-8000-exec-2] INFO  springfox.documentation.spring.web.readers.operation.CachingOperationNameGenerator:40 - Generating unique operation named: doAddMemberUsingPOST_2
2019-12-25 18:05:12.362 [http-nio-8000-exec-2] INFO  springfox.documentation.spring.web.readers.operation.CachingOperationNameGenerator:40 - Generating unique operation named: doEditMemberUsingPOST_2
2019-12-25 18:05:12.377 [http-nio-8000-exec-2] INFO  springfox.documentation.spring.web.readers.operation.CachingOperationNameGenerator:40 - Generating unique operation named: doPageUsingPOST_27
2019-12-25 18:05:12.390 [http-nio-8000-exec-2] INFO  springfox.documentation.spring.web.readers.operation.CachingOperationNameGenerator:40 - Generating unique operation named: doSaveResourceAndSkillUsingPOST_2
2019-12-25 18:05:12.406 [http-nio-8000-exec-2] INFO  springfox.documentation.spring.web.readers.operation.CachingOperationNameGenerator:40 - Generating unique operation named: editMemberEchoUsingPOST_2
2019-12-25 18:05:12.420 [http-nio-8000-exec-2] INFO  springfox.documentation.spring.web.readers.operation.CachingOperationNameGenerator:40 - Generating unique operation named: findKeyWordLikeCityUsingPOST_2
2019-12-25 18:05:12.434 [http-nio-8000-exec-2] INFO  springfox.documentation.spring.web.readers.operation.CachingOperationNameGenerator:40 - Generating unique operation named: findKeyWordListCompanyUsingPOST_2
2019-12-25 18:05:12.448 [http-nio-8000-exec-2] INFO  springfox.documentation.spring.web.readers.operation.CachingOperationNameGenerator:40 - Generating unique operation named: findResourceAllUsingPOST_2
2019-12-25 18:05:12.458 [http-nio-8000-exec-2] INFO  springfox.documentation.spring.web.readers.operation.CachingOperationNameGenerator:40 - Generating unique operation named: doPageUsingPOST_28
2019-12-25 18:05:12.466 [http-nio-8000-exec-2] INFO  springfox.documentation.spring.web.readers.operation.CachingOperationNameGenerator:40 - Generating unique operation named: doRefusedUsingPOST_2
2019-12-25 18:05:12.474 [http-nio-8000-exec-2] INFO  springfox.documentation.spring.web.readers.operation.CachingOperationNameGenerator:40 - Generating unique operation named: doSignEmployUsingPOST_2
2019-12-25 18:05:12.482 [http-nio-8000-exec-2] INFO  springfox.documentation.spring.web.readers.operation.CachingOperationNameGenerator:40 - Generating unique operation named: findByEmployIdReturnMapUsingPOST_2
2019-12-25 18:05:12.488 [http-nio-8000-exec-2] INFO  springfox.documentation.spring.web.readers.operation.CachingOperationNameGenerator:40 - Generating unique operation named: doPageUsingPOST_29
2019-12-25 18:05:12.499 [http-nio-8000-exec-2] INFO  springfox.documentation.spring.web.readers.operation.CachingOperationNameGenerator:40 - Generating unique operation named: deleteSignMemberUsingPOST_2
2019-12-25 18:05:12.510 [http-nio-8000-exec-2] INFO  springfox.documentation.spring.web.readers.operation.CachingOperationNameGenerator:40 - Generating unique operation named: doPageUsingPOST_30
2019-12-25 18:05:12.551 [http-nio-8000-exec-2] INFO  springfox.documentation.spring.web.readers.operation.CachingOperationNameGenerator:40 - Generating unique operation named: doSaveSginUsingPOST_2
2019-12-25 18:05:12.561 [http-nio-8000-exec-2] INFO  springfox.documentation.spring.web.readers.operation.CachingOperationNameGenerator:40 - Generating unique operation named: findMapSignUsingPOST_2
2019-12-25 18:05:12.571 [http-nio-8000-exec-2] INFO  springfox.documentation.spring.web.readers.operation.CachingOperationNameGenerator:40 - Generating unique operation named: saveSignEchoUsingPOST_2
2019-12-25 18:05:12.577 [http-nio-8000-exec-2] INFO  springfox.documentation.spring.web.readers.operation.CachingOperationNameGenerator:40 - Generating unique operation named: addCaseUsingPOST_2
2019-12-25 18:05:12.584 [http-nio-8000-exec-2] INFO  springfox.documentation.spring.web.readers.operation.CachingOperationNameGenerator:40 - Generating unique operation named: doPageUsingPOST_31
2019-12-25 18:05:12.590 [http-nio-8000-exec-2] INFO  springfox.documentation.spring.web.readers.operation.CachingOperationNameGenerator:40 - Generating unique operation named: updateCaseUsingPOST_6
2019-12-25 18:05:12.598 [http-nio-8000-exec-2] INFO  springfox.documentation.spring.web.readers.operation.CachingOperationNameGenerator:40 - Generating unique operation named: addMedalUsingPOST_2
2019-12-25 18:05:12.606 [http-nio-8000-exec-2] INFO  springfox.documentation.spring.web.readers.operation.CachingOperationNameGenerator:40 - Generating unique operation named: deleteMedalUsingPOST_2
2019-12-25 18:05:12.614 [http-nio-8000-exec-2] INFO  springfox.documentation.spring.web.readers.operation.CachingOperationNameGenerator:40 - Generating unique operation named: doPageUsingPOST_32
2019-12-25 18:05:12.623 [http-nio-8000-exec-2] INFO  springfox.documentation.spring.web.readers.operation.CachingOperationNameGenerator:40 - Generating unique operation named: updateMedalUsingPOST_2
2019-12-25 18:05:12.635 [http-nio-8000-exec-2] INFO  springfox.documentation.spring.web.readers.operation.CachingOperationNameGenerator:40 - Generating unique operation named: addCommentUsingPOST_2
2019-12-25 18:05:12.645 [http-nio-8000-exec-2] INFO  springfox.documentation.spring.web.readers.operation.CachingOperationNameGenerator:40 - Generating unique operation named: addNewsUsingPOST_2
2019-12-25 18:05:12.655 [http-nio-8000-exec-2] INFO  springfox.documentation.spring.web.readers.operation.CachingOperationNameGenerator:40 - Generating unique operation named: deleteCommentUsingPOST_2
2019-12-25 18:05:12.665 [http-nio-8000-exec-2] INFO  springfox.documentation.spring.web.readers.operation.CachingOperationNameGenerator:40 - Generating unique operation named: deleteNewsUsingPOST_2
2019-12-25 18:05:12.676 [http-nio-8000-exec-2] INFO  springfox.documentation.spring.web.readers.operation.CachingOperationNameGenerator:40 - Generating unique operation named: doPageCommentUsingPOST_2
2019-12-25 18:05:12.686 [http-nio-8000-exec-2] INFO  springfox.documentation.spring.web.readers.operation.CachingOperationNameGenerator:40 - Generating unique operation named: doPageNewsUsingPOST_2
2019-12-25 18:05:12.697 [http-nio-8000-exec-2] INFO  springfox.documentation.spring.web.readers.operation.CachingOperationNameGenerator:40 - Generating unique operation named: updateCommentUsingPOST_2
2019-12-25 18:05:12.707 [http-nio-8000-exec-2] INFO  springfox.documentation.spring.web.readers.operation.CachingOperationNameGenerator:40 - Generating unique operation named: updateNewsUsingPOST_2
2019-12-25 18:05:12.713 [http-nio-8000-exec-2] INFO  springfox.documentation.spring.web.readers.operation.CachingOperationNameGenerator:40 - Generating unique operation named: addCityUsingPOST_2
2019-12-25 18:05:12.719 [http-nio-8000-exec-2] INFO  springfox.documentation.spring.web.readers.operation.CachingOperationNameGenerator:40 - Generating unique operation named: doPageUsingPOST_33
2019-12-25 18:05:12.725 [http-nio-8000-exec-2] INFO  springfox.documentation.spring.web.readers.operation.CachingOperationNameGenerator:40 - Generating unique operation named: updateCaseUsingPOST_7
2019-12-25 18:05:12.730 [http-nio-8000-exec-2] INFO  springfox.documentation.spring.web.readers.operation.CachingOperationNameGenerator:40 - Generating unique operation named: addSkillUsingPOST_2
2019-12-25 18:05:12.736 [http-nio-8000-exec-2] INFO  springfox.documentation.spring.web.readers.operation.CachingOperationNameGenerator:40 - Generating unique operation named: doPageUsingPOST_34
2019-12-25 18:05:12.741 [http-nio-8000-exec-2] INFO  springfox.documentation.spring.web.readers.operation.CachingOperationNameGenerator:40 - Generating unique operation named: updateCaseUsingPOST_8
2019-12-25 18:05:12.747 [http-nio-8000-exec-2] INFO  springfox.documentation.spring.web.readers.operation.CachingOperationNameGenerator:40 - Generating unique operation named: addTopicUsingPOST_4
2019-12-25 18:05:12.753 [http-nio-8000-exec-2] INFO  springfox.documentation.spring.web.readers.operation.CachingOperationNameGenerator:40 - Generating unique operation named: doPageUsingPOST_35
2019-12-25 18:05:12.759 [http-nio-8000-exec-2] INFO  springfox.documentation.spring.web.readers.operation.CachingOperationNameGenerator:40 - Generating unique operation named: updateSubtopicUsingPOST_2
2019-12-25 18:05:12.766 [http-nio-8000-exec-2] INFO  springfox.documentation.spring.web.readers.operation.CachingOperationNameGenerator:40 - Generating unique operation named: addTopicUsingPOST_5
2019-12-25 18:05:12.772 [http-nio-8000-exec-2] INFO  springfox.documentation.spring.web.readers.operation.CachingOperationNameGenerator:40 - Generating unique operation named: doPageUsingPOST_36
2019-12-25 18:05:12.778 [http-nio-8000-exec-2] INFO  springfox.documentation.spring.web.readers.operation.CachingOperationNameGenerator:40 - Generating unique operation named: findTopicUsingPOST_2
2019-12-25 18:05:12.785 [http-nio-8000-exec-2] INFO  springfox.documentation.spring.web.readers.operation.CachingOperationNameGenerator:40 - Generating unique operation named: updateTopicUsingPOST_2
2019-12-25 18:05:12.795 [http-nio-8000-exec-2] INFO  springfox.documentation.spring.web.readers.operation.CachingOperationNameGenerator:40 - Generating unique operation named: affirmSendProjectUsingPOST_2
2019-12-25 18:05:12.805 [http-nio-8000-exec-2] INFO  springfox.documentation.spring.web.readers.operation.CachingOperationNameGenerator:40 - Generating unique operation named: doPageUsingPOST_37
2019-12-25 18:05:12.816 [http-nio-8000-exec-2] INFO  springfox.documentation.spring.web.readers.operation.CachingOperationNameGenerator:40 - Generating unique operation named: findAllProjectManagerUsingPOST_2
2019-12-25 18:05:12.825 [http-nio-8000-exec-2] INFO  springfox.documentation.spring.web.readers.operation.CachingOperationNameGenerator:40 - Generating unique operation named: refuseByIdPmDemandUsingPOST_2
2019-12-25 18:05:12.834 [http-nio-8000-exec-2] INFO  springfox.documentation.spring.web.readers.operation.CachingOperationNameGenerator:40 - Generating unique operation named: sendPorjectUsingPOST_2
2019-12-25 18:05:12.845 [http-nio-8000-exec-2] INFO  springfox.documentation.spring.web.readers.operation.CachingOperationNameGenerator:40 - Generating unique operation named: settingProjectManagerUsingPOST_2
2019-12-25 18:05:12.864 [http-nio-8000-exec-2] INFO  springfox.documentation.spring.web.readers.operation.CachingOperationNameGenerator:40 - Generating unique operation named: addContractUsingPOST_2
2019-12-25 18:05:12.880 [http-nio-8000-exec-2] INFO  springfox.documentation.spring.web.readers.operation.CachingOperationNameGenerator:40 - Generating unique operation named: addModulesUsingPOST_2
2019-12-25 18:05:12.895 [http-nio-8000-exec-2] INFO  springfox.documentation.spring.web.readers.operation.CachingOperationNameGenerator:40 - Generating unique operation named: addRecruitmentUsingPOST_2
2019-12-25 18:05:12.911 [http-nio-8000-exec-2] INFO  springfox.documentation.spring.web.readers.operation.CachingOperationNameGenerator:40 - Generating unique operation named: doPageUsingPOST_38
2019-12-25 18:05:12.926 [http-nio-8000-exec-2] INFO  springfox.documentation.spring.web.readers.operation.CachingOperationNameGenerator:40 - Generating unique operation named: doPageModulesUsingPOST_2
2019-12-25 18:05:12.940 [http-nio-8000-exec-2] INFO  springfox.documentation.spring.web.readers.operation.CachingOperationNameGenerator:40 - Generating unique operation named: doPageRecruitmentUsingPOST_2
2019-12-25 18:05:12.954 [http-nio-8000-exec-2] INFO  springfox.documentation.spring.web.readers.operation.CachingOperationNameGenerator:40 - Generating unique operation named: findOneProjectByIdUsingPOST_2
2019-12-25 18:05:12.967 [http-nio-8000-exec-2] INFO  springfox.documentation.spring.web.readers.operation.CachingOperationNameGenerator:40 - Generating unique operation named: saveModuleUsingPOST_2
2019-12-25 18:05:12.981 [http-nio-8000-exec-2] INFO  springfox.documentation.spring.web.readers.operation.CachingOperationNameGenerator:40 - Generating unique operation named: submitRecruitmentUsingPOST_2
2019-12-25 18:05:12.994 [http-nio-8000-exec-2] INFO  springfox.documentation.spring.web.readers.operation.CachingOperationNameGenerator:40 - Generating unique operation named: updateModulesUsingPOST_2
2019-12-25 18:05:13.008 [http-nio-8000-exec-2] INFO  springfox.documentation.spring.web.readers.operation.CachingOperationNameGenerator:40 - Generating unique operation named: updateProjectByIdUsingPOST_2
2019-12-25 18:05:13.022 [http-nio-8000-exec-2] INFO  springfox.documentation.spring.web.readers.operation.CachingOperationNameGenerator:40 - Generating unique operation named: updateRecruitmentUsingPOST_2
2019-12-25 18:05:13.028 [http-nio-8000-exec-2] INFO  springfox.documentation.spring.web.readers.operation.CachingOperationNameGenerator:40 - Generating unique operation named: doPageTeamUsingPOST_2
2019-12-25 18:05:13.034 [http-nio-8000-exec-2] INFO  springfox.documentation.spring.web.readers.operation.CachingOperationNameGenerator:40 - Generating unique operation named: loginUsingPOST_2
2019-12-25 18:05:13.039 [http-nio-8000-exec-2] INFO  springfox.documentation.spring.web.readers.operation.CachingOperationNameGenerator:40 - Generating unique operation named: modifyPwdUsingPOST_2
2019-12-25 18:05:33.107 [http-nio-8000-exec-6] INFO  com.springbootjpa.codeGod.controller.UserRolesController:94 - URL:/login : { "username":"test1", "password":"123" }
2019-12-25 18:05:33.349 [http-nio-8000-exec-6] INFO  org.hibernate.jpa.internal.util.LogHelper:31 - HHH000204: Processing PersistenceUnitInfo [
	name: default
	...]
2019-12-25 18:05:34.440 [http-nio-8000-exec-6] DEBUG com.alibaba.druid.pool.DruidDataSource:1302 - skip not validate connection.
2019-12-25 18:05:35.924 [http-nio-8000-exec-6] INFO  org.hibernate.dialect.Dialect:157 - HHH000400: Using dialect: org.hibernate.dialect.MySQL5Dialect
2019-12-25 18:05:36.451 [http-nio-8000-exec-6] INFO  org.hibernate.hql.internal.QueryTranslatorFactoryInitiator:47 - HHH000397: Using ASTQueryTranslatorFactory
2019-12-25 18:05:36.814 [http-nio-8000-exec-6] INFO  com.springbootjpa.codeGod.controller.UserRolesController:114 - : SysUsersEntity(username=test1, password=123, salt=salt, locked=false, newPwd=null)
2019-12-25 18:05:40.204 [http-nio-8000-exec-4] INFO  com.springbootjpa.codeGod.controller.HumanResources.MemberEmployPersonnelController:41 - URL:/memberEmployPersonnel/doPage : {'page':'1','rows':'5','employId':'1'}
2019-12-25 18:05:49.638 [http-nio-8000-exec-1] INFO  com.springbootjpa.codeGod.controller.HumanResources.MemberEmployPersonnelController:41 - URL:/memberEmployPersonnel/doPage : {'page':'1','rows':'5','employId':'1'}
2019-12-25 18:34:57.034 [Thread-69] INFO  org.springframework.data.repository.config.RepositoryConfigurationDelegate:126 - Bootstrapping Spring Data repositories in DEFAULT mode.
2019-12-25 18:34:57.088 [Thread-69] INFO  org.springframework.data.repository.config.RepositoryConfigurationDelegate:182 - Finished Spring Data repository scanning in 52ms. Found 0 repository interfaces.
2019-12-25 18:34:57.096 [Thread-69] INFO  org.springframework.data.repository.config.RepositoryConfigurationDelegate:126 - Bootstrapping Spring Data repositories in DEFAULT mode.
2019-12-25 18:34:57.130 [Thread-69] INFO  org.springframework.data.repository.config.RepositoryConfigurationDelegate:182 - Finished Spring Data repository scanning in 33ms. Found 0 repository interfaces.
2019-12-25 18:34:57.972 [Thread-69] INFO  org.springframework.scheduling.concurrent.ThreadPoolTaskExecutor:208 - Shutting down ExecutorService 'applicationTaskExecutor'
2019-12-25 18:34:57.996 [Thread-69] INFO  org.apache.shiro.session.mgt.AbstractValidatingSessionManager:250 - Disabled session validation scheduler.
2019-12-25 18:34:58.034 [Thread-69] INFO  org.springframework.orm.jpa.LocalContainerEntityManagerFactoryBean:597 - Closing JPA EntityManagerFactory for persistence unit 'default'
2019-12-25 18:34:58.045 [Thread-69] INFO  org.hibernate.jpa.internal.util.LogHelper:31 - HHH000204: Processing PersistenceUnitInfo [
	name: default
	...]
2019-12-25 18:34:59.152 [Thread-69] DEBUG com.alibaba.druid.pool.DruidDataSource:1302 - skip not validate connection.
2019-12-25 18:34:59.642 [Thread-69] INFO  org.hibernate.dialect.Dialect:157 - HHH000400: Using dialect: org.hibernate.dialect.MySQL5Dialect
2019-12-25 18:35:00.247 [Thread-69] INFO  com.alibaba.druid.pool.DruidDataSource:1825 - {dataSource-1} closed
