2019-12-13 10:08:17.563 [main] INFO  com.springbootjpa.codeGod.CodeGodApplication:50 - Starting CodeGodApplication on niugehangdeMacBook-Pro.local with PID 1356 (/Users/ushi/Desktop/NiuWorkSpaces/codeGod/target/classes started by ushi in /Users/ushi/Desktop/NiuWorkSpaces/codeGod)
2019-12-13 10:08:17.566 [main] DEBUG com.springbootjpa.codeGod.CodeGodApplication:53 - Running with Spring Boot v2.1.7.RELEASE, Spring v5.1.9.RELEASE
2019-12-13 10:08:17.566 [main] INFO  com.springbootjpa.codeGod.CodeGodApplication:651 - The following profiles are active: dev
2019-12-13 10:08:20.017 [main] INFO  org.springframework.data.repository.config.RepositoryConfigurationDelegate:244 - Multiple Spring Data modules found, entering strict repository configuration mode!
2019-12-13 10:08:20.020 [main] INFO  org.springframework.data.repository.config.RepositoryConfigurationDelegate:126 - Bootstrapping Spring Data repositories in DEFAULT mode.
2019-12-13 10:08:20.467 [main] INFO  org.springframework.data.repository.config.RepositoryConfigurationDelegate:182 - Finished Spring Data repository scanning in 397ms. Found 30 repository interfaces.
2019-12-13 10:08:20.500 [main] INFO  org.springframework.data.repository.config.RepositoryConfigurationDelegate:244 - Multiple Spring Data modules found, entering strict repository configuration mode!
2019-12-13 10:08:20.502 [main] INFO  org.springframework.data.repository.config.RepositoryConfigurationDelegate:126 - Bootstrapping Spring Data repositories in DEFAULT mode.
2019-12-13 10:08:20.541 [main] INFO  org.springframework.data.repository.config.RepositoryConfigurationExtensionSupport:363 - Spring Data Redis - Could not safely identify store assignment for repository candidate interface com.springbootjpa.codeGod.repository.BaseDataDictionaryentityRepository.
2019-12-13 10:08:20.542 [main] INFO  org.springframework.data.repository.config.RepositoryConfigurationExtensionSupport:363 - Spring Data Redis - Could not safely identify store assignment for repository candidate interface com.springbootjpa.codeGod.repository.HumanResources.MemberCaseentityRepository.
2019-12-13 10:08:20.542 [main] INFO  org.springframework.data.repository.config.RepositoryConfigurationExtensionSupport:363 - Spring Data Redis - Could not safely identify store assignment for repository candidate interface com.springbootjpa.codeGod.repository.HumanResources.MemberContractEntityRepository.
2019-12-13 10:08:20.543 [main] INFO  org.springframework.data.repository.config.RepositoryConfigurationExtensionSupport:363 - Spring Data Redis - Could not safely identify store assignment for repository candidate interface com.springbootjpa.codeGod.repository.HumanResources.MemberEmployPersonnelentityRepository.
2019-12-13 10:08:20.543 [main] INFO  org.springframework.data.repository.config.RepositoryConfigurationExtensionSupport:363 - Spring Data Redis - Could not safely identify store assignment for repository candidate interface com.springbootjpa.codeGod.repository.HumanResources.MemberEmployentityRepository.
2019-12-13 10:08:20.544 [main] INFO  org.springframework.data.repository.config.RepositoryConfigurationExtensionSupport:363 - Spring Data Redis - Could not safely identify store assignment for repository candidate interface com.springbootjpa.codeGod.repository.HumanResources.MemberPrivacyentityRepository.
2019-12-13 10:08:20.544 [main] INFO  org.springframework.data.repository.config.RepositoryConfigurationExtensionSupport:363 - Spring Data Redis - Could not safely identify store assignment for repository candidate interface com.springbootjpa.codeGod.repository.HumanResources.MemberSettlemententityRepository.
2019-12-13 10:08:20.545 [main] INFO  org.springframework.data.repository.config.RepositoryConfigurationExtensionSupport:363 - Spring Data Redis - Could not safely identify store assignment for repository candidate interface com.springbootjpa.codeGod.repository.HumanResources.MemberSignContractentityRepository.
2019-12-13 10:08:20.545 [main] INFO  org.springframework.data.repository.config.RepositoryConfigurationExtensionSupport:363 - Spring Data Redis - Could not safely identify store assignment for repository candidate interface com.springbootjpa.codeGod.repository.HumanResources.MemberWageentityRepository.
2019-12-13 10:08:20.546 [main] INFO  org.springframework.data.repository.config.RepositoryConfigurationExtensionSupport:363 - Spring Data Redis - Could not safely identify store assignment for repository candidate interface com.springbootjpa.codeGod.repository.HumanResources.MemberentityRepository.
2019-12-13 10:08:20.546 [main] INFO  org.springframework.data.repository.config.RepositoryConfigurationExtensionSupport:363 - Spring Data Redis - Could not safely identify store assignment for repository candidate interface com.springbootjpa.codeGod.repository.Operation.OperationAgreementRepository.
2019-12-13 10:08:20.547 [main] INFO  org.springframework.data.repository.config.RepositoryConfigurationExtensionSupport:363 - Spring Data Redis - Could not safely identify store assignment for repository candidate interface com.springbootjpa.codeGod.repository.Operation.OperationCaseRepository.
2019-12-13 10:08:20.547 [main] INFO  org.springframework.data.repository.config.RepositoryConfigurationExtensionSupport:363 - Spring Data Redis - Could not safely identify store assignment for repository candidate interface com.springbootjpa.codeGod.repository.Operation.OperationCodeGodDataRepository.
2019-12-13 10:08:20.548 [main] INFO  org.springframework.data.repository.config.RepositoryConfigurationExtensionSupport:363 - Spring Data Redis - Could not safely identify store assignment for repository candidate interface com.springbootjpa.codeGod.repository.Operation.OperationCommentRepository.
2019-12-13 10:08:20.548 [main] INFO  org.springframework.data.repository.config.RepositoryConfigurationExtensionSupport:363 - Spring Data Redis - Could not safely identify store assignment for repository candidate interface com.springbootjpa.codeGod.repository.Operation.OperationCompanyRepository.
2019-12-13 10:08:20.549 [main] INFO  org.springframework.data.repository.config.RepositoryConfigurationExtensionSupport:363 - Spring Data Redis - Could not safely identify store assignment for repository candidate interface com.springbootjpa.codeGod.repository.Operation.OperationMedalRepository.
2019-12-13 10:08:20.550 [main] INFO  org.springframework.data.repository.config.RepositoryConfigurationExtensionSupport:363 - Spring Data Redis - Could not safely identify store assignment for repository candidate interface com.springbootjpa.codeGod.repository.Operation.OperationNewsRepository.
2019-12-13 10:08:20.550 [main] INFO  org.springframework.data.repository.config.RepositoryConfigurationExtensionSupport:363 - Spring Data Redis - Could not safely identify store assignment for repository candidate interface com.springbootjpa.codeGod.repository.Operation.OperationPersonalMenuRepository.
2019-12-13 10:08:20.550 [main] INFO  org.springframework.data.repository.config.RepositoryConfigurationExtensionSupport:363 - Spring Data Redis - Could not safely identify store assignment for repository candidate interface com.springbootjpa.codeGod.repository.Operation.OperationRegionRepository.
2019-12-13 10:08:20.551 [main] INFO  org.springframework.data.repository.config.RepositoryConfigurationExtensionSupport:363 - Spring Data Redis - Could not safely identify store assignment for repository candidate interface com.springbootjpa.codeGod.repository.Operation.OperationResourceRepository.
2019-12-13 10:08:20.551 [main] INFO  org.springframework.data.repository.config.RepositoryConfigurationExtensionSupport:363 - Spring Data Redis - Could not safely identify store assignment for repository candidate interface com.springbootjpa.codeGod.repository.Operation.OperationResourceSkillRepository.
2019-12-13 10:08:20.552 [main] INFO  org.springframework.data.repository.config.RepositoryConfigurationExtensionSupport:363 - Spring Data Redis - Could not safely identify store assignment for repository candidate interface com.springbootjpa.codeGod.repository.Operation.OperationSkillRepository.
2019-12-13 10:08:20.552 [main] INFO  org.springframework.data.repository.config.RepositoryConfigurationExtensionSupport:363 - Spring Data Redis - Could not safely identify store assignment for repository candidate interface com.springbootjpa.codeGod.repository.Operation.OperationSubtopicRepository.
2019-12-13 10:08:20.552 [main] INFO  org.springframework.data.repository.config.RepositoryConfigurationExtensionSupport:363 - Spring Data Redis - Could not safely identify store assignment for repository candidate interface com.springbootjpa.codeGod.repository.Operation.OperationTeamRepository.
2019-12-13 10:08:20.553 [main] INFO  org.springframework.data.repository.config.RepositoryConfigurationExtensionSupport:363 - Spring Data Redis - Could not safely identify store assignment for repository candidate interface com.springbootjpa.codeGod.repository.Operation.OperationTopicRepository.
2019-12-13 10:08:20.553 [main] INFO  org.springframework.data.repository.config.RepositoryConfigurationExtensionSupport:363 - Spring Data Redis - Could not safely identify store assignment for repository candidate interface com.springbootjpa.codeGod.repository.SysPermissionsRepository.
2019-12-13 10:08:20.553 [main] INFO  org.springframework.data.repository.config.RepositoryConfigurationExtensionSupport:363 - Spring Data Redis - Could not safely identify store assignment for repository candidate interface com.springbootjpa.codeGod.repository.SysRolesRepository.
2019-12-13 10:08:20.554 [main] INFO  org.springframework.data.repository.config.RepositoryConfigurationExtensionSupport:363 - Spring Data Redis - Could not safely identify store assignment for repository candidate interface com.springbootjpa.codeGod.repository.SysRolesRermissionsRepository.
2019-12-13 10:08:20.554 [main] INFO  org.springframework.data.repository.config.RepositoryConfigurationExtensionSupport:363 - Spring Data Redis - Could not safely identify store assignment for repository candidate interface com.springbootjpa.codeGod.repository.SysUsersRepository.
2019-12-13 10:08:20.555 [main] INFO  org.springframework.data.repository.config.RepositoryConfigurationExtensionSupport:363 - Spring Data Redis - Could not safely identify store assignment for repository candidate interface com.springbootjpa.codeGod.repository.SysUsersRolesRepository.
2019-12-13 10:08:20.555 [main] INFO  org.springframework.data.repository.config.RepositoryConfigurationDelegate:182 - Finished Spring Data repository scanning in 33ms. Found 0 repository interfaces.
2019-12-13 10:08:21.365 [main] INFO  org.springframework.context.support.PostProcessorRegistrationDelegate$BeanPostProcessorChecker:330 - Bean 'shiroConfiguration' of type [com.springbootjpa.codeGod.shiro.ShiroConfiguration$$EnhancerBySpringCGLIB$$c89c98d4] is not eligible for getting processed by all BeanPostProcessors (for example: not eligible for auto-proxying)
2019-12-13 10:08:21.505 [main] INFO  org.springframework.context.support.PostProcessorRegistrationDelegate$BeanPostProcessorChecker:330 - Bean 'sessionManager' of type [org.apache.shiro.web.session.mgt.DefaultWebSessionManager] is not eligible for getting processed by all BeanPostProcessors (for example: not eligible for auto-proxying)
2019-12-13 10:08:21.523 [main] INFO  org.springframework.context.support.PostProcessorRegistrationDelegate$BeanPostProcessorChecker:330 - Bean 'redisConfig' of type [com.springbootjpa.codeGod.config.RedisConfig$$EnhancerBySpringCGLIB$$e4885443] is not eligible for getting processed by all BeanPostProcessors (for example: not eligible for auto-proxying)
2019-12-13 10:08:21.555 [main] INFO  org.springframework.context.support.PostProcessorRegistrationDelegate$BeanPostProcessorChecker:330 - Bean 'spring.redis-org.springframework.boot.autoconfigure.data.redis.RedisProperties' of type [org.springframework.boot.autoconfigure.data.redis.RedisProperties] is not eligible for getting processed by all BeanPostProcessors (for example: not eligible for auto-proxying)
2019-12-13 10:08:21.560 [main] INFO  org.springframework.context.support.PostProcessorRegistrationDelegate$BeanPostProcessorChecker:330 - Bean 'org.springframework.boot.autoconfigure.data.redis.LettuceConnectionConfiguration' of type [org.springframework.boot.autoconfigure.data.redis.LettuceConnectionConfiguration$$EnhancerBySpringCGLIB$$28a6b579] is not eligible for getting processed by all BeanPostProcessors (for example: not eligible for auto-proxying)
2019-12-13 10:08:21.768 [main] INFO  org.springframework.context.support.PostProcessorRegistrationDelegate$BeanPostProcessorChecker:330 - Bean 'lettuceClientResources' of type [io.lettuce.core.resource.DefaultClientResources] is not eligible for getting processed by all BeanPostProcessors (for example: not eligible for auto-proxying)
2019-12-13 10:08:21.904 [main] INFO  org.springframework.context.support.PostProcessorRegistrationDelegate$BeanPostProcessorChecker:330 - Bean 'redisConnectionFactory' of type [org.springframework.data.redis.connection.lettuce.LettuceConnectionFactory] is not eligible for getting processed by all BeanPostProcessors (for example: not eligible for auto-proxying)
2019-12-13 10:08:21.929 [main] INFO  org.springframework.context.support.PostProcessorRegistrationDelegate$BeanPostProcessorChecker:330 - Bean 'redisTemplate' of type [org.springframework.data.redis.core.RedisTemplate] is not eligible for getting processed by all BeanPostProcessors (for example: not eligible for auto-proxying)
2019-12-13 10:08:21.930 [main] INFO  org.springframework.context.support.PostProcessorRegistrationDelegate$BeanPostProcessorChecker:330 - Bean 'redisUtils' of type [com.springbootjpa.codeGod.utils.RedisUtils] is not eligible for getting processed by all BeanPostProcessors (for example: not eligible for auto-proxying)
2019-12-13 10:08:21.961 [main] INFO  org.springframework.context.support.PostProcessorRegistrationDelegate$BeanPostProcessorChecker:330 - Bean '(inner bean)#37d2d83e' of type [org.springframework.beans.factory.config.PropertiesFactoryBean] is not eligible for getting processed by all BeanPostProcessors (for example: not eligible for auto-proxying)
2019-12-13 10:08:21.962 [main] INFO  org.springframework.context.support.PostProcessorRegistrationDelegate$BeanPostProcessorChecker:330 - Bean '(inner bean)#37d2d83e' of type [java.util.Properties] is not eligible for getting processed by all BeanPostProcessors (for example: not eligible for auto-proxying)
2019-12-13 10:08:21.964 [main] INFO  org.springframework.context.support.PostProcessorRegistrationDelegate$BeanPostProcessorChecker:330 - Bean '(inner bean)#73060795' of type [org.springframework.data.repository.core.support.PropertiesBasedNamedQueries] is not eligible for getting processed by all BeanPostProcessors (for example: not eligible for auto-proxying)
2019-12-13 10:08:21.968 [main] INFO  org.springframework.context.support.PostProcessorRegistrationDelegate$BeanPostProcessorChecker:330 - Bean '(inner bean)#77fb9b52' of type [org.springframework.data.repository.core.support.RepositoryFragmentsFactoryBean] is not eligible for getting processed by all BeanPostProcessors (for example: not eligible for auto-proxying)
2019-12-13 10:08:21.968 [main] INFO  org.springframework.context.support.PostProcessorRegistrationDelegate$BeanPostProcessorChecker:330 - Bean '(inner bean)#77fb9b52' of type [org.springframework.data.repository.core.support.RepositoryComposition$RepositoryFragments] is not eligible for getting processed by all BeanPostProcessors (for example: not eligible for auto-proxying)
2019-12-13 10:08:21.976 [main] INFO  org.springframework.context.support.PostProcessorRegistrationDelegate$BeanPostProcessorChecker:330 - Bean 'druidConfig' of type [com.springbootjpa.codeGod.config.DruidConfig$$EnhancerBySpringCGLIB$$ee60306a] is not eligible for getting processed by all BeanPostProcessors (for example: not eligible for auto-proxying)
2019-12-13 10:08:22.054 [main] INFO  org.springframework.context.support.PostProcessorRegistrationDelegate$BeanPostProcessorChecker:330 - Bean 'statFilter' of type [com.alibaba.druid.filter.stat.StatFilter] is not eligible for getting processed by all BeanPostProcessors (for example: not eligible for auto-proxying)
2019-12-13 10:08:22.205 [main] INFO  com.alibaba.druid.pool.DruidDataSource:930 - {dataSource-1} inited
2019-12-13 10:08:22.206 [main] INFO  org.springframework.context.support.PostProcessorRegistrationDelegate$BeanPostProcessorChecker:330 - Bean 'dataSource' of type [com.alibaba.druid.pool.DruidDataSource] is not eligible for getting processed by all BeanPostProcessors (for example: not eligible for auto-proxying)
2019-12-13 10:08:22.214 [main] INFO  org.springframework.context.support.PostProcessorRegistrationDelegate$BeanPostProcessorChecker:330 - Bean 'spring.jpa-org.springframework.boot.autoconfigure.orm.jpa.JpaProperties' of type [org.springframework.boot.autoconfigure.orm.jpa.JpaProperties] is not eligible for getting processed by all BeanPostProcessors (for example: not eligible for auto-proxying)
2019-12-13 10:08:22.219 [main] INFO  org.springframework.context.support.PostProcessorRegistrationDelegate$BeanPostProcessorChecker:330 - Bean 'spring.jpa.hibernate-org.springframework.boot.autoconfigure.orm.jpa.HibernateProperties' of type [org.springframework.boot.autoconfigure.orm.jpa.HibernateProperties] is not eligible for getting processed by all BeanPostProcessors (for example: not eligible for auto-proxying)
2019-12-13 10:08:22.224 [main] INFO  org.springframework.context.support.PostProcessorRegistrationDelegate$BeanPostProcessorChecker:330 - Bean 'org.springframework.boot.autoconfigure.transaction.TransactionAutoConfiguration' of type [org.springframework.boot.autoconfigure.transaction.TransactionAutoConfiguration$$EnhancerBySpringCGLIB$$a800f239] is not eligible for getting processed by all BeanPostProcessors (for example: not eligible for auto-proxying)
2019-12-13 10:08:22.236 [main] INFO  org.springframework.context.support.PostProcessorRegistrationDelegate$BeanPostProcessorChecker:330 - Bean 'spring.transaction-org.springframework.boot.autoconfigure.transaction.TransactionProperties' of type [org.springframework.boot.autoconfigure.transaction.TransactionProperties] is not eligible for getting processed by all BeanPostProcessors (for example: not eligible for auto-proxying)
2019-12-13 10:08:22.236 [main] INFO  org.springframework.context.support.PostProcessorRegistrationDelegate$BeanPostProcessorChecker:330 - Bean 'platformTransactionManagerCustomizers' of type [org.springframework.boot.autoconfigure.transaction.TransactionManagerCustomizers] is not eligible for getting processed by all BeanPostProcessors (for example: not eligible for auto-proxying)
2019-12-13 10:08:22.239 [main] INFO  org.springframework.context.support.PostProcessorRegistrationDelegate$BeanPostProcessorChecker:330 - Bean 'org.springframework.boot.autoconfigure.jdbc.metadata.DataSourcePoolMetadataProvidersConfiguration$HikariPoolDataSourceMetadataProviderConfiguration' of type [org.springframework.boot.autoconfigure.jdbc.metadata.DataSourcePoolMetadataProvidersConfiguration$HikariPoolDataSourceMetadataProviderConfiguration$$EnhancerBySpringCGLIB$$73e41f13] is not eligible for getting processed by all BeanPostProcessors (for example: not eligible for auto-proxying)
2019-12-13 10:08:22.244 [main] INFO  org.springframework.context.support.PostProcessorRegistrationDelegate$BeanPostProcessorChecker:330 - Bean 'hikariPoolDataSourceMetadataProvider' of type [org.springframework.boot.autoconfigure.jdbc.metadata.DataSourcePoolMetadataProvidersConfiguration$HikariPoolDataSourceMetadataProviderConfiguration$$Lambda$393/1743165071] is not eligible for getting processed by all BeanPostProcessors (for example: not eligible for auto-proxying)
2019-12-13 10:08:22.256 [main] INFO  org.springframework.context.support.PostProcessorRegistrationDelegate$BeanPostProcessorChecker:330 - Bean 'org.springframework.boot.autoconfigure.orm.jpa.HibernateJpaConfiguration' of type [org.springframework.boot.autoconfigure.orm.jpa.HibernateJpaConfiguration$$EnhancerBySpringCGLIB$$3263b99e] is not eligible for getting processed by all BeanPostProcessors (for example: not eligible for auto-proxying)
2019-12-13 10:08:22.323 [main] INFO  org.springframework.context.support.PostProcessorRegistrationDelegate$BeanPostProcessorChecker:330 - Bean 'jpaVendorAdapter' of type [org.springframework.orm.jpa.vendor.HibernateJpaVendorAdapter] is not eligible for getting processed by all BeanPostProcessors (for example: not eligible for auto-proxying)
2019-12-13 10:08:22.329 [main] INFO  org.springframework.context.support.PostProcessorRegistrationDelegate$BeanPostProcessorChecker:330 - Bean 'entityManagerFactoryBuilder' of type [org.springframework.boot.orm.jpa.EntityManagerFactoryBuilder] is not eligible for getting processed by all BeanPostProcessors (for example: not eligible for auto-proxying)
2019-12-13 10:08:23.280 [main] INFO  org.hibernate.jpa.internal.util.LogHelper:31 - HHH000204: Processing PersistenceUnitInfo [
	name: default
	...]
2019-12-13 10:08:23.423 [main] INFO  org.hibernate.Version:46 - HHH000412: Hibernate Core {5.3.10.Final}
2019-12-13 10:08:23.426 [main] INFO  org.hibernate.cfg.Environment:213 - HHH000206: hibernate.properties not found
2019-12-13 10:08:23.987 [main] INFO  org.hibernate.annotations.common.Version:49 - HCANN000001: Hibernate Commons Annotations {5.0.4.Final}
2019-12-13 10:08:24.463 [main] INFO  org.hibernate.dialect.Dialect:157 - HHH000400: Using dialect: org.hibernate.dialect.MySQL5Dialect
2019-12-13 10:08:26.924 [main] INFO  org.springframework.orm.jpa.LocalContainerEntityManagerFactoryBean:415 - Initialized JPA EntityManagerFactory for persistence unit 'default'
2019-12-13 10:08:26.934 [main] INFO  org.springframework.context.support.PostProcessorRegistrationDelegate$BeanPostProcessorChecker:330 - Bean 'entityManagerFactory' of type [org.springframework.orm.jpa.LocalContainerEntityManagerFactoryBean] is not eligible for getting processed by all BeanPostProcessors (for example: not eligible for auto-proxying)
2019-12-13 10:08:26.935 [main] INFO  org.springframework.context.support.PostProcessorRegistrationDelegate$BeanPostProcessorChecker:330 - Bean 'entityManagerFactory' of type [com.sun.proxy.$Proxy105] is not eligible for getting processed by all BeanPostProcessors (for example: not eligible for auto-proxying)
2019-12-13 10:08:26.964 [main] INFO  org.springframework.context.support.PostProcessorRegistrationDelegate$BeanPostProcessorChecker:330 - Bean '(inner bean)#173914b3' of type [com.sun.proxy.$Proxy106] is not eligible for getting processed by all BeanPostProcessors (for example: not eligible for auto-proxying)
2019-12-13 10:08:27.037 [main] INFO  org.springframework.context.support.PostProcessorRegistrationDelegate$BeanPostProcessorChecker:330 - Bean 'jpaMappingContext' of type [org.springframework.data.jpa.repository.config.JpaMetamodelMappingContextFactoryBean] is not eligible for getting processed by all BeanPostProcessors (for example: not eligible for auto-proxying)
2019-12-13 10:08:27.038 [main] INFO  org.springframework.context.support.PostProcessorRegistrationDelegate$BeanPostProcessorChecker:330 - Bean 'jpaMappingContext' of type [org.springframework.data.jpa.mapping.JpaMetamodelMappingContext] is not eligible for getting processed by all BeanPostProcessors (for example: not eligible for auto-proxying)
2019-12-13 10:08:27.764 [main] INFO  org.springframework.context.support.PostProcessorRegistrationDelegate$BeanPostProcessorChecker:330 - Bean 'sysUsersRepository' of type [org.springframework.data.jpa.repository.support.JpaRepositoryFactoryBean] is not eligible for getting processed by all BeanPostProcessors (for example: not eligible for auto-proxying)
2019-12-13 10:08:27.765 [main] INFO  org.springframework.context.support.PostProcessorRegistrationDelegate$BeanPostProcessorChecker:330 - Bean 'sysUsersRepository' of type [com.sun.proxy.$Proxy109] is not eligible for getting processed by all BeanPostProcessors (for example: not eligible for auto-proxying)
2019-12-13 10:08:27.769 [main] INFO  org.springframework.context.support.PostProcessorRegistrationDelegate$BeanPostProcessorChecker:330 - Bean '(inner bean)#1e69b1c7' of type [org.springframework.beans.factory.config.PropertiesFactoryBean] is not eligible for getting processed by all BeanPostProcessors (for example: not eligible for auto-proxying)
2019-12-13 10:08:27.770 [main] INFO  org.springframework.context.support.PostProcessorRegistrationDelegate$BeanPostProcessorChecker:330 - Bean '(inner bean)#1e69b1c7' of type [java.util.Properties] is not eligible for getting processed by all BeanPostProcessors (for example: not eligible for auto-proxying)
2019-12-13 10:08:27.771 [main] INFO  org.springframework.context.support.PostProcessorRegistrationDelegate$BeanPostProcessorChecker:330 - Bean '(inner bean)#653d1b01' of type [org.springframework.data.repository.core.support.PropertiesBasedNamedQueries] is not eligible for getting processed by all BeanPostProcessors (for example: not eligible for auto-proxying)
2019-12-13 10:08:27.772 [main] INFO  org.springframework.context.support.PostProcessorRegistrationDelegate$BeanPostProcessorChecker:330 - Bean '(inner bean)#4951a4d4' of type [org.springframework.data.repository.core.support.RepositoryFragmentsFactoryBean] is not eligible for getting processed by all BeanPostProcessors (for example: not eligible for auto-proxying)
2019-12-13 10:08:27.772 [main] INFO  org.springframework.context.support.PostProcessorRegistrationDelegate$BeanPostProcessorChecker:330 - Bean '(inner bean)#4951a4d4' of type [org.springframework.data.repository.core.support.RepositoryComposition$RepositoryFragments] is not eligible for getting processed by all BeanPostProcessors (for example: not eligible for auto-proxying)
2019-12-13 10:08:27.774 [main] INFO  org.springframework.context.support.PostProcessorRegistrationDelegate$BeanPostProcessorChecker:330 - Bean '(inner bean)#797085f6' of type [com.sun.proxy.$Proxy106] is not eligible for getting processed by all BeanPostProcessors (for example: not eligible for auto-proxying)
2019-12-13 10:08:27.808 [main] INFO  org.springframework.context.support.PostProcessorRegistrationDelegate$BeanPostProcessorChecker:330 - Bean 'sysUsersRolesRepository' of type [org.springframework.data.jpa.repository.support.JpaRepositoryFactoryBean] is not eligible for getting processed by all BeanPostProcessors (for example: not eligible for auto-proxying)
2019-12-13 10:08:27.809 [main] INFO  org.springframework.context.support.PostProcessorRegistrationDelegate$BeanPostProcessorChecker:330 - Bean 'sysUsersRolesRepository' of type [com.sun.proxy.$Proxy110] is not eligible for getting processed by all BeanPostProcessors (for example: not eligible for auto-proxying)
2019-12-13 10:08:27.814 [main] INFO  org.springframework.context.support.PostProcessorRegistrationDelegate$BeanPostProcessorChecker:330 - Bean '(inner bean)#1a603153' of type [org.springframework.beans.factory.config.PropertiesFactoryBean] is not eligible for getting processed by all BeanPostProcessors (for example: not eligible for auto-proxying)
2019-12-13 10:08:27.814 [main] INFO  org.springframework.context.support.PostProcessorRegistrationDelegate$BeanPostProcessorChecker:330 - Bean '(inner bean)#1a603153' of type [java.util.Properties] is not eligible for getting processed by all BeanPostProcessors (for example: not eligible for auto-proxying)
2019-12-13 10:08:27.815 [main] INFO  org.springframework.context.support.PostProcessorRegistrationDelegate$BeanPostProcessorChecker:330 - Bean '(inner bean)#e16ec24' of type [org.springframework.data.repository.core.support.PropertiesBasedNamedQueries] is not eligible for getting processed by all BeanPostProcessors (for example: not eligible for auto-proxying)
2019-12-13 10:08:27.816 [main] INFO  org.springframework.context.support.PostProcessorRegistrationDelegate$BeanPostProcessorChecker:330 - Bean '(inner bean)#47b9f267' of type [org.springframework.data.repository.core.support.RepositoryFragmentsFactoryBean] is not eligible for getting processed by all BeanPostProcessors (for example: not eligible for auto-proxying)
2019-12-13 10:08:27.816 [main] INFO  org.springframework.context.support.PostProcessorRegistrationDelegate$BeanPostProcessorChecker:330 - Bean '(inner bean)#47b9f267' of type [org.springframework.data.repository.core.support.RepositoryComposition$RepositoryFragments] is not eligible for getting processed by all BeanPostProcessors (for example: not eligible for auto-proxying)
2019-12-13 10:08:27.817 [main] INFO  org.springframework.context.support.PostProcessorRegistrationDelegate$BeanPostProcessorChecker:330 - Bean '(inner bean)#7a51f26d' of type [com.sun.proxy.$Proxy106] is not eligible for getting processed by all BeanPostProcessors (for example: not eligible for auto-proxying)
2019-12-13 10:08:27.889 [main] INFO  org.hibernate.hql.internal.QueryTranslatorFactoryInitiator:47 - HHH000397: Using ASTQueryTranslatorFactory
2019-12-13 10:08:28.154 [main] INFO  org.springframework.context.support.PostProcessorRegistrationDelegate$BeanPostProcessorChecker:330 - Bean 'sysRolesRermissionsRepository' of type [org.springframework.data.jpa.repository.support.JpaRepositoryFactoryBean] is not eligible for getting processed by all BeanPostProcessors (for example: not eligible for auto-proxying)
2019-12-13 10:08:28.155 [main] INFO  org.springframework.context.support.PostProcessorRegistrationDelegate$BeanPostProcessorChecker:330 - Bean 'sysRolesRermissionsRepository' of type [com.sun.proxy.$Proxy112] is not eligible for getting processed by all BeanPostProcessors (for example: not eligible for auto-proxying)
2019-12-13 10:08:28.156 [main] INFO  org.springframework.context.support.PostProcessorRegistrationDelegate$BeanPostProcessorChecker:330 - Bean 'shiroRealm' of type [com.springbootjpa.codeGod.shiro.MyShiroRealm] is not eligible for getting processed by all BeanPostProcessors (for example: not eligible for auto-proxying)
2019-12-13 10:08:28.159 [main] INFO  org.springframework.context.support.PostProcessorRegistrationDelegate$BeanPostProcessorChecker:330 - Bean 'securityManager' of type [org.apache.shiro.web.mgt.DefaultWebSecurityManager] is not eligible for getting processed by all BeanPostProcessors (for example: not eligible for auto-proxying)
2019-12-13 10:08:28.211 [main] INFO  org.springframework.context.support.PostProcessorRegistrationDelegate$BeanPostProcessorChecker:330 - Bean 'authorizationAttributeSourceAdvisor' of type [org.apache.shiro.spring.security.interceptor.AuthorizationAttributeSourceAdvisor] is not eligible for getting processed by all BeanPostProcessors (for example: not eligible for auto-proxying)
2019-12-13 10:08:28.344 [main] INFO  org.springframework.context.support.PostProcessorRegistrationDelegate$BeanPostProcessorChecker:330 - Bean 'org.springframework.transaction.annotation.ProxyTransactionManagementConfiguration' of type [org.springframework.transaction.annotation.ProxyTransactionManagementConfiguration$$EnhancerBySpringCGLIB$$138cf72f] is not eligible for getting processed by all BeanPostProcessors (for example: not eligible for auto-proxying)
2019-12-13 10:08:30.049 [main] INFO  org.springframework.boot.web.embedded.tomcat.TomcatWebServer:90 - Tomcat initialized with port(s): 8000 (http)
2019-12-13 10:08:30.194 [main] INFO  org.apache.catalina.core.StandardService:173 - Starting service [Tomcat]
2019-12-13 10:08:30.195 [main] INFO  org.apache.catalina.core.StandardEngine:173 - Starting Servlet engine: [Apache Tomcat/9.0.22]
2019-12-13 10:08:30.814 [main] INFO  org.apache.catalina.core.ContainerBase.[Tomcat].[localhost].[/codeGod]:173 - Initializing Spring embedded WebApplicationContext
2019-12-13 10:08:30.814 [main] INFO  org.springframework.web.context.ContextLoader:284 - Root WebApplicationContext: initialization completed in 13147 ms
2019-12-13 10:08:34.795 [main] INFO  org.springframework.boot.actuate.endpoint.web.EndpointLinksResolver:58 - Exposing 2 endpoint(s) beneath base path '/actuator'
2019-12-13 10:08:35.323 [main] INFO  org.springframework.scheduling.concurrent.ThreadPoolTaskExecutor:171 - Initializing ExecutorService 'applicationTaskExecutor'
2019-12-13 10:08:36.538 [main] INFO  springfox.documentation.spring.web.plugins.DocumentationPluginsBootstrapper:120 - Context refreshed
2019-12-13 10:08:36.559 [main] INFO  springfox.documentation.spring.web.plugins.DocumentationPluginsBootstrapper:123 - Found 1 custom documentation plugin(s)
2019-12-13 10:08:36.578 [main] INFO  springfox.documentation.spring.web.scanners.ApiListingReferenceScanner:41 - Scanning for api listing references
2019-12-13 10:08:36.799 [main] INFO  springfox.documentation.spring.web.readers.operation.CachingOperationNameGenerator:40 - Generating unique operation named: loginUsingPOST_1
2019-12-13 10:08:36.877 [main] INFO  org.springframework.boot.web.embedded.tomcat.TomcatWebServer:202 - Tomcat started on port(s): 8000 (http) with context path '/codeGod'
2019-12-13 10:08:36.880 [main] INFO  com.springbootjpa.codeGod.CodeGodApplication:59 - Started CodeGodApplication in 20.581 seconds (JVM running for 25.581)
2019-12-13 10:08:37.167 [RMI TCP Connection(5)-192.168.3.10] INFO  org.apache.catalina.core.ContainerBase.[Tomcat].[localhost].[/codeGod]:173 - Initializing Spring DispatcherServlet 'dispatcherServlet'
2019-12-13 10:08:37.168 [RMI TCP Connection(5)-192.168.3.10] INFO  org.springframework.web.servlet.DispatcherServlet:524 - Initializing Servlet 'dispatcherServlet'
2019-12-13 10:08:37.189 [RMI TCP Connection(5)-192.168.3.10] INFO  org.springframework.web.servlet.DispatcherServlet:546 - Completed initialization in 21 ms
2019-12-13 10:08:37.674 [parallel-1] INFO  io.lettuce.core.EpollProvider:68 - Starting without optional epoll library
2019-12-13 10:08:37.677 [parallel-1] INFO  io.lettuce.core.KqueueProvider:70 - Starting without optional kqueue library
2019-12-13 10:10:06.708 [http-nio-8000-exec-1] INFO  org.apache.shiro.session.mgt.AbstractValidatingSessionManager:233 - Enabling session validation scheduler...
2019-12-13 10:10:34.019 [http-nio-8000-exec-7] INFO  org.springframework.data.repository.config.RepositoryConfigurationDelegate:126 - Bootstrapping Spring Data repositories in DEFAULT mode.
2019-12-13 10:10:34.044 [http-nio-8000-exec-7] INFO  org.springframework.data.repository.config.RepositoryConfigurationDelegate:182 - Finished Spring Data repository scanning in 24ms. Found 0 repository interfaces.
2019-12-13 10:10:34.057 [http-nio-8000-exec-7] INFO  org.springframework.data.repository.config.RepositoryConfigurationDelegate:126 - Bootstrapping Spring Data repositories in DEFAULT mode.
2019-12-13 10:10:34.079 [http-nio-8000-exec-7] INFO  org.springframework.data.repository.config.RepositoryConfigurationDelegate:182 - Finished Spring Data repository scanning in 22ms. Found 0 repository interfaces.
2019-12-13 10:10:35.046 [http-nio-8000-exec-5] INFO  springfox.documentation.spring.web.scanners.ApiListingReferenceScanner:41 - Scanning for api listing references
2019-12-13 10:10:35.056 [http-nio-8000-exec-5] INFO  springfox.documentation.spring.web.readers.operation.CachingOperationNameGenerator:40 - Generating unique operation named: loginUsingPOST_2
2019-12-13 10:10:35.065 [http-nio-8000-exec-5] INFO  springfox.documentation.spring.web.readers.operation.CachingOperationNameGenerator:40 - Generating unique operation named: loginUsingPOST_3
2019-12-13 10:10:35.072 [http-nio-8000-exec-5] INFO  springfox.documentation.spring.web.readers.operation.CachingOperationNameGenerator:40 - Generating unique operation named: modifyPwdUsingPOST_1
2019-12-13 10:12:32.642 [http-nio-8000-exec-6] INFO  com.springbootjpa.codeGod.controller.UserRolesController:114 - 用户登录成功: SysUsersEntity(username=test1, password=123, salt=salt, locked=false, newPwd=null)
2019-12-13 10:17:13.198 [http-nio-8000-exec-2] INFO  org.springframework.data.repository.config.RepositoryConfigurationDelegate:126 - Bootstrapping Spring Data repositories in DEFAULT mode.
2019-12-13 10:17:13.219 [http-nio-8000-exec-2] INFO  org.springframework.data.repository.config.RepositoryConfigurationDelegate:182 - Finished Spring Data repository scanning in 20ms. Found 0 repository interfaces.
2019-12-13 10:17:13.235 [http-nio-8000-exec-2] INFO  org.springframework.data.repository.config.RepositoryConfigurationDelegate:126 - Bootstrapping Spring Data repositories in DEFAULT mode.
2019-12-13 10:17:13.312 [http-nio-8000-exec-2] INFO  org.springframework.data.repository.config.RepositoryConfigurationDelegate:182 - Finished Spring Data repository scanning in 77ms. Found 0 repository interfaces.
2019-12-13 10:17:13.982 [http-nio-8000-exec-7] INFO  springfox.documentation.spring.web.scanners.ApiListingReferenceScanner:41 - Scanning for api listing references
2019-12-13 10:17:13.992 [http-nio-8000-exec-7] INFO  springfox.documentation.spring.web.readers.operation.CachingOperationNameGenerator:40 - Generating unique operation named: loginUsingPOST_4
2019-12-13 10:17:14.003 [http-nio-8000-exec-7] INFO  springfox.documentation.spring.web.readers.operation.CachingOperationNameGenerator:40 - Generating unique operation named: loginUsingPOST_5
2019-12-13 10:17:14.012 [http-nio-8000-exec-7] INFO  springfox.documentation.spring.web.readers.operation.CachingOperationNameGenerator:40 - Generating unique operation named: modifyPwdUsingPOST_2
2019-12-13 10:17:26.707 [http-nio-8000-exec-3] INFO  org.springframework.data.repository.config.RepositoryConfigurationDelegate:126 - Bootstrapping Spring Data repositories in DEFAULT mode.
2019-12-13 10:17:26.720 [http-nio-8000-exec-3] INFO  org.springframework.data.repository.config.RepositoryConfigurationDelegate:182 - Finished Spring Data repository scanning in 12ms. Found 0 repository interfaces.
2019-12-13 10:17:26.732 [http-nio-8000-exec-3] INFO  org.springframework.data.repository.config.RepositoryConfigurationDelegate:126 - Bootstrapping Spring Data repositories in DEFAULT mode.
2019-12-13 10:17:26.745 [http-nio-8000-exec-3] INFO  org.springframework.data.repository.config.RepositoryConfigurationDelegate:182 - Finished Spring Data repository scanning in 12ms. Found 0 repository interfaces.
2019-12-13 10:17:27.313 [http-nio-8000-exec-2] INFO  springfox.documentation.spring.web.scanners.ApiListingReferenceScanner:41 - Scanning for api listing references
2019-12-13 10:17:27.320 [http-nio-8000-exec-2] INFO  springfox.documentation.spring.web.readers.operation.CachingOperationNameGenerator:40 - Generating unique operation named: loginUsingPOST_6
2019-12-13 10:17:27.327 [http-nio-8000-exec-2] INFO  springfox.documentation.spring.web.readers.operation.CachingOperationNameGenerator:40 - Generating unique operation named: loginUsingPOST_7
2019-12-13 10:17:27.333 [http-nio-8000-exec-2] INFO  springfox.documentation.spring.web.readers.operation.CachingOperationNameGenerator:40 - Generating unique operation named: modifyPwdUsingPOST_3
2019-12-13 10:21:33.623 [http-nio-8000-exec-3] INFO  org.springframework.data.repository.config.RepositoryConfigurationDelegate:126 - Bootstrapping Spring Data repositories in DEFAULT mode.
2019-12-13 10:21:33.638 [http-nio-8000-exec-3] INFO  org.springframework.data.repository.config.RepositoryConfigurationDelegate:182 - Finished Spring Data repository scanning in 13ms. Found 0 repository interfaces.
2019-12-13 10:21:33.649 [http-nio-8000-exec-3] INFO  org.springframework.data.repository.config.RepositoryConfigurationDelegate:126 - Bootstrapping Spring Data repositories in DEFAULT mode.
2019-12-13 10:21:33.662 [http-nio-8000-exec-3] INFO  org.springframework.data.repository.config.RepositoryConfigurationDelegate:182 - Finished Spring Data repository scanning in 12ms. Found 0 repository interfaces.
2019-12-13 10:26:17.235 [http-nio-8000-exec-9] INFO  org.springframework.data.repository.config.RepositoryConfigurationDelegate:126 - Bootstrapping Spring Data repositories in DEFAULT mode.
2019-12-13 10:26:17.253 [http-nio-8000-exec-9] INFO  org.springframework.data.repository.config.RepositoryConfigurationDelegate:182 - Finished Spring Data repository scanning in 16ms. Found 0 repository interfaces.
2019-12-13 10:26:17.266 [http-nio-8000-exec-9] INFO  org.springframework.data.repository.config.RepositoryConfigurationDelegate:126 - Bootstrapping Spring Data repositories in DEFAULT mode.
2019-12-13 10:26:17.279 [http-nio-8000-exec-9] INFO  org.springframework.data.repository.config.RepositoryConfigurationDelegate:182 - Finished Spring Data repository scanning in 13ms. Found 0 repository interfaces.
2019-12-13 10:26:18.797 [http-nio-8000-exec-9] DEBUG com.alibaba.druid.pool.DruidDataSource:1302 - skip not validate connection.
2019-12-13 10:48:54.119 [http-nio-8000-exec-2] INFO  org.springframework.data.repository.config.RepositoryConfigurationDelegate:126 - Bootstrapping Spring Data repositories in DEFAULT mode.
2019-12-13 10:48:54.192 [http-nio-8000-exec-2] INFO  org.springframework.data.repository.config.RepositoryConfigurationDelegate:182 - Finished Spring Data repository scanning in 56ms. Found 0 repository interfaces.
2019-12-13 10:48:54.212 [http-nio-8000-exec-2] INFO  org.springframework.data.repository.config.RepositoryConfigurationDelegate:126 - Bootstrapping Spring Data repositories in DEFAULT mode.
2019-12-13 10:48:54.245 [http-nio-8000-exec-2] INFO  org.springframework.data.repository.config.RepositoryConfigurationDelegate:182 - Finished Spring Data repository scanning in 32ms. Found 0 repository interfaces.
2019-12-13 10:48:59.287 [http-nio-8000-exec-4] INFO  springfox.documentation.spring.web.scanners.ApiListingReferenceScanner:41 - Scanning for api listing references
2019-12-13 10:48:59.296 [http-nio-8000-exec-4] INFO  springfox.documentation.spring.web.readers.operation.CachingOperationNameGenerator:40 - Generating unique operation named: loginUsingPOST_8
2019-12-13 10:48:59.305 [http-nio-8000-exec-4] INFO  springfox.documentation.spring.web.readers.operation.CachingOperationNameGenerator:40 - Generating unique operation named: loginUsingPOST_9
2019-12-13 10:48:59.311 [http-nio-8000-exec-4] INFO  springfox.documentation.spring.web.readers.operation.CachingOperationNameGenerator:40 - Generating unique operation named: modifyPwdUsingPOST_4
2019-12-13 10:50:06.912 [http-nio-8000-exec-6] INFO  org.springframework.data.repository.config.RepositoryConfigurationDelegate:126 - Bootstrapping Spring Data repositories in DEFAULT mode.
2019-12-13 10:50:06.927 [http-nio-8000-exec-6] INFO  org.springframework.data.repository.config.RepositoryConfigurationDelegate:182 - Finished Spring Data repository scanning in 14ms. Found 0 repository interfaces.
2019-12-13 10:50:06.938 [http-nio-8000-exec-6] INFO  org.springframework.data.repository.config.RepositoryConfigurationDelegate:126 - Bootstrapping Spring Data repositories in DEFAULT mode.
2019-12-13 10:50:06.951 [http-nio-8000-exec-6] INFO  org.springframework.data.repository.config.RepositoryConfigurationDelegate:182 - Finished Spring Data repository scanning in 13ms. Found 0 repository interfaces.
2019-12-13 11:06:11.530 [http-nio-8000-exec-5] INFO  org.springframework.data.repository.config.RepositoryConfigurationDelegate:126 - Bootstrapping Spring Data repositories in DEFAULT mode.
2019-12-13 11:06:11.566 [http-nio-8000-exec-5] INFO  org.springframework.data.repository.config.RepositoryConfigurationDelegate:182 - Finished Spring Data repository scanning in 30ms. Found 0 repository interfaces.
2019-12-13 11:06:11.587 [http-nio-8000-exec-5] INFO  org.springframework.data.repository.config.RepositoryConfigurationDelegate:126 - Bootstrapping Spring Data repositories in DEFAULT mode.
2019-12-13 11:06:11.606 [http-nio-8000-exec-5] INFO  org.springframework.data.repository.config.RepositoryConfigurationDelegate:182 - Finished Spring Data repository scanning in 19ms. Found 0 repository interfaces.
2019-12-13 11:06:12.250 [http-nio-8000-exec-5] ERROR com.springbootjpa.codeGod.codeException.CodeGodException:15 - 原密码为空
